#
# A fatal error has been detected by the Java Runtime Environment:
#
#  Internal Error (jvmciRuntime.cpp:1609), pid=21, tid=36
#  fatal error: Fatal exception in JVMCI: Error calling jdk.vm.ci.services.Services.serializeSavedProperties
#
# JRE version: OpenJDK Runtime Environment GraalVM CE 22.3.0 (17.0.5+8) (build 17.0.5+8-jvmci-22.3-b08)
# Java VM: OpenJDK 64-Bit Server VM GraalVM CE 22.3.0 (17.0.5+8-jvmci-22.3-b08, mixed mode, sharing, tiered, jvmci, jvmci compiler, compressed oops, compressed class ptrs, parallel gc, linux-amd64)
# Problematic frame:
# V  [libjvm.so+0x972714]  JVMCIRuntime::fatal_exception(JVMCIEnv*, char const*)+0x74
#
# Core dump will be written. Default location: Core dumps may be processed with "/usr/share/apport/apport -p%p -s%s -c%c -d%d -P%P -u%u -g%g -- %E" (or dumping to /home/runner/SophiaFinalProject/core.21)
#
# If you would like to submit a bug report, please visit:
#   https://github.com/oracle/graal/issues
#

---------------  S U M M A R Y ------------

Command Line: -XX:ThreadPriorityPolicy=1 -XX:+UnlockExperimentalVMOptions -XX:+EnableJVMCIProduct -XX:JVMCIThreadsPerNativeLibraryRuntime=1 -XX:-UnlockExperimentalVMOptions -Declipse.application=org.eclipse.jdt.ls.core.id1 -Dosgi.bundles.defaultStartLevel=4 -Declipse.product=org.eclipse.jdt.ls.core.product -Dlog.level=ALL -Xverify:none -XX:+UseParallelGC -XX:GCTimeRatio=4 -XX:AdaptiveSizePolicyWeight=90 -Dsun.zip.disableMemoryMapping=true -Xmx512m -Xms100m /nix/store/m6gcpi1ii6rghy04cjwjddcavv7i90df-jdt-language-server-1.9.0/share/java/plugins/org.eclipse.equinox.launcher_1.6.400.v20210924-0641.jar --add-modules=ALL-SYSTEM --add-opens java.base/java.util=ALL-UNNAMED --add-opens java.base/java.lang=ALL-UNNAMED -configuration /home/runner/.cache/jdt-language-server/config -data /home/runner/.cache/jdt-language-server/data/home/runner/SophiaFinalProject

Host: AMD EPYC 7B12, 8 cores, 1G, Ubuntu 20.04.2 LTS
Time: Wed Feb 15 20:02:02 2023 UTC elapsed time: 1962.020172 seconds (0d 0h 32m 42s)

---------------  T H R E A D  ---------------

Current thread (0x00007fa6280b2210):  JavaThread "JVMCI-native CompilerThread0" daemon [_thread_in_vm, id=36, stack(0x00007fa60d048000,0x00007fa60d248000)]


Current CompileTask:
JVMCI-native:1962020 9209  s    4       org.eclipse.jdt.internal.core.JavaModelManager::getInfo (36 bytes)

Stack: [0x00007fa60d048000,0x00007fa60d248000],  sp=0x00007fa60d246380,  free space=2040k
Native frames: (J=compiled Java code, j=interpreted, Vv=VM code, C=native code)
V  [libjvm.so+0x972714]  JVMCIRuntime::fatal_exception(JVMCIEnv*, char const*)+0x74
V  [libjvm.so+0x93e2fe]  JVMCIEnv::copy_saved_properties()+0x14e
V  [libjvm.so+0x9732a9]  JVMCIRuntime::initialize(JVMCIEnv*)+0xb19
V  [libjvm.so+0x9738a2]  JVMCIRuntime::get_HotSpotJVMCIRuntime(JVMCIEnv*)+0x12
V  [libjvm.so+0x9749f2]  JVMCIRuntime::compile_method(JVMCIEnv*, JVMCICompiler*, methodHandle const&, int)+0xd2
V  [libjvm.so+0x5b0d20]  CompileBroker::invoke_compiler_on_method(CompileTask*)+0x1470
V  [libjvm.so+0x5b12e8]  CompileBroker::compiler_thread_loop()+0x528
V  [libjvm.so+0xd82460]  JavaThread::thread_main_inner()+0xd0
V  [libjvm.so+0xd85a40]  Thread::call_run()+0xc0
V  [libjvm.so+0xbdb1e1]  thread_native_entry(Thread*)+0xe1

Register to memory mapping:

RAX=0x00007fa62cd58000 points into unknown readable memory: 0x0000000000000058 | 58 00 00 00 00 00 00 00
RBX=0x00007fa62de53398: <offset 0x0000000000ef5398> in /nix/store/gpxl5qgg8kicmcvivwmybwjlpf7wh20l-graalvm17-ce-22.3.0/lib/server/libjvm.so at 0x00007fa62cf5e000
RCX=0x00007fa62de0b1e8: <offset 0x0000000000ead1e8> in /nix/store/gpxl5qgg8kicmcvivwmybwjlpf7wh20l-graalvm17-ce-22.3.0/lib/server/libjvm.so at 0x00007fa62cf5e000
RDX=0x0000000000000649 is an unknown value
RSP=0x00007fa60d246380 is pointing into the stack for thread: 0x00007fa6280b2210
RBP=0x00007fa60d2463a0 is pointing into the stack for thread: 0x00007fa6280b2210
RSI=0x00007fa62de53c48: <offset 0x0000000000ef5c48> in /nix/store/gpxl5qgg8kicmcvivwmybwjlpf7wh20l-graalvm17-ce-22.3.0/lib/server/libjvm.so at 0x00007fa62cf5e000
RDI=0x00000000e0000000 is an oop: java.lang.String 
{0x00000000e0000000} - klass: 'java/lang/String'
 - string: "org.eclipse.osgi.container.ModuleContainer$ContainerStartLevel"
R8 =0x00007fa62de53398: <offset 0x0000000000ef5398> in /nix/store/gpxl5qgg8kicmcvivwmybwjlpf7wh20l-graalvm17-ce-22.3.0/lib/server/libjvm.so at 0x00007fa62cf5e000
R9 =0x0000000000000003 is an unknown value
R10=0x00007fa62e1a4da0: <offset 0x0000000001246da0> in /nix/store/gpxl5qgg8kicmcvivwmybwjlpf7wh20l-graalvm17-ce-22.3.0/lib/server/libjvm.so at 0x00007fa62cf5e000
R11=0x000000080044f048 is pointing into metadata
R12=0x0 is NULL
R13=0x00007fa6280b2210 is a thread
R14=0x00007fa628000b80 points into unknown readable memory: 0x00007fa62e084a38 | 38 4a 08 2e a6 7f 00 00
R15=0x00007fa62e192e40: <offset 0x0000000001234e40> in /nix/store/gpxl5qgg8kicmcvivwmybwjlpf7wh20l-graalvm17-ce-22.3.0/lib/server/libjvm.so at 0x00007fa62cf5e000


Registers:
RAX=0x00007fa62cd58000, RBX=0x00007fa62de53398, RCX=0x00007fa62de0b1e8, RDX=0x0000000000000649
RSP=0x00007fa60d246380, RBP=0x00007fa60d2463a0, RSI=0x00007fa62de53c48, RDI=0x00000000e0000000
R8 =0x00007fa62de53398, R9 =0x0000000000000003, R10=0x00007fa62e1a4da0, R11=0x000000080044f048
R12=0x0000000000000000, R13=0x00007fa6280b2210, R14=0x00007fa628000b80, R15=0x00007fa62e192e40
RIP=0x00007fa62d8d0714, EFLAGS=0x0000000000010206, CSGSFS=0x002b000000000033, ERR=0x0000000000000006
  TRAPNO=0x000000000000000e

Top of Stack: (sp=0x00007fa60d246380)
0x00007fa60d246380:   00007fa60d246940 00007fa6280b2210
0x00007fa60d246390:   00007fa62c6e98c8 0000000800c417a0
0x00007fa60d2463a0:   00007fa60d246500 00007fa62d89c2fe
0x00007fa60d2463b0:   00007fa60d2463e0 00007fa60d246440 

Instructions: (pc=0x00007fa62d8d0714)
0x00007fa62d8d0614:   30 e8 f6 cf e8 ff 4c 89 e7 e8 2e 48 d1 ff 84 db
0x00007fa62d8d0624:   75 2a 4d 85 ed 74 04 4d 8b 6d 00 48 83 c4 08 44
0x00007fa62d8d0634:   89 f9 4c 89 f2 4c 89 ee 5b 4c 89 e7 41 5c 41 5d
0x00007fa62d8d0644:   41 5e 41 5f 5d e9 e2 47 d1 ff 66 90 48 83 c4 08
0x00007fa62d8d0654:   5b 41 5c 41 5d 41 5e 41 5f 5d c3 90 31 d2 be 08
0x00007fa62d8d0664:   00 00 00 4c 89 ff e8 b1 78 a3 ff 49 89 c5 e9 37
0x00007fa62d8d0674:   ff ff ff 66 0f 1f 84 00 00 00 00 00 48 8b 7a 08
0x00007fa62d8d0684:   e9 6d ff ff ff 0f 1f 80 00 00 00 00 e8 5b 48 0a
0x00007fa62d8d0694:   00 84 c0 75 89 e9 6a ff ff ff 66 90 55 48 89 e5
0x00007fa62d8d06a4:   41 56 41 55 41 54 49 89 fc 53 48 89 f3 66 48 8d
0x00007fa62d8d06b4:   3d 27 5e 85 00 66 66 48 e8 df 43 8d ff 4c 8b 28
0x00007fa62d8d06c4:   8b 05 be 72 8a 00 85 c0 75 14 ba 01 00 00 00 48
0x00007fa62d8d06d4:   8d 0d ae 72 8a 00 f0 0f b1 11 85 c0 74 4e be c8
0x00007fa62d8d06e4:   00 00 00 4c 89 ef e8 01 0b 41 00 48 8d 05 12 ac
0x00007fa62d8d06f4:   85 00 49 89 d8 48 8d 0d e8 aa 53 00 ba 49 06 00
0x00007fa62d8d0704:   00 48 8d 35 3c 35 58 00 bf 00 00 00 e0 48 8b 00
0x00007fa62d8d0714:   c6 00 58 31 c0 e8 e2 91 c6 ff 5b 41 5c 41 5d 41
0x00007fa62d8d0724:   5e 5d e9 55 34 26 00 0f 1f 44 00 00 48 8d 05 81
0x00007fa62d8d0734:   a3 8b 00 48 89 df 4c 8b 30 e8 9e 43 8d ff 48 89
0x00007fa62d8d0744:   de 48 89 c2 49 8b 06 4c 89 f7 ff 50 08 4c 89 f7
0x00007fa62d8d0754:   e8 a7 5c 27 00 4d 85 e4 74 12 be 01 00 00 00 4c
0x00007fa62d8d0764:   89 e7 e8 35 43 fc ff eb 82 0f 1f 00 be 01 00 00
0x00007fa62d8d0774:   00 4c 89 ef e8 d3 fd ff ff e9 6d ff ff ff 66 66
0x00007fa62d8d0784:   2e 0f 1f 84 00 00 00 00 00 0f 1f 00 55 48 89 e5
0x00007fa62d8d0794:   41 57 41 56 41 55 41 54 53 48 81 ec 08 02 00 00
0x00007fa62d8d07a4:   64 48 8b 04 25 28 00 00 00 48 89 45 c8 8b 07 83
0x00007fa62d8d07b4:   f8 02 0f 84 11 04 00 00 4c 8b 6f 18 49 89 ff 49
0x00007fa62d8d07c4:   89 f4 4d 85 ed 74 14 4c 89 ef e8 5d 57 22 00 41
0x00007fa62d8d07d4:   8b 07 83 f8 02 0f 84 19 04 00 00 48 8d 1d 9a 06
0x00007fa62d8d07e4:   8a 00 4c 8d 35 0b 3c 58 00 eb 38 90 48 85 d2 7f
0x00007fa62d8d07f4:   0d 48 8d 05 b4 c0 85 00 48 83 38 00 7e 0e 41 8b
0x00007fa62d8d0804:   77 2c 4c 89 f7 31 c0 e8 a0 b2 f7 ff 49 8b 7f 18 


Stack slot to memory mapping:
stack at sp + 0 slots: 0x00007fa60d246940 is pointing into the stack for thread: 0x00007fa6280b2210
stack at sp + 1 slots: 0x00007fa6280b2210 is a thread
stack at sp + 2 slots: 0x00007fa62c6e98c8 points into unknown readable memory: 0x6573001880c9ffff | ff ff c9 80 18 00 73 65
stack at sp + 3 slots: 0x0000000800c417a0 is a pointer to class: 
jdk.vm.ci.services.Services {0x0000000800c417a0}
 - instance size:     2
 - klass size:        65
 - access:            public final synchronized 
 - state:             fully_initialized
 - name:              'jdk/vm/ci/services/Services'
 - super:             'java/lang/Object'
 - sub:               
 - arrays:            NULL
 - methods:           Array<T>(0x00007fa60dc431b0)
 - method ordering:   Array<T>(0x0000000800928960)
 - default_methods:   Array<T>(0x0000000000000000)
 - local interfaces:  Array<T>(0x00000008005ce810)
 - trans. interfaces: Array<T>(0x00000008005ce810)
 - constants:         constant pool [427] {0x00007fa60dc42290} for 'jdk/vm/ci/services/Services' cache=0x00007fa60dc44480
 - class loader data:  loader data: 0x00007fa6280283f0 of 'bootstrap'
 - source file:       'Services.java'
 - class annotations:       Array<T>(0x0000000000000000)
 - class type annotations:  Array<T>(0x0000000000000000)
 - field annotations:       Array<T>(0x0000000000000000)
 - field type annotations:  Array<T>(0x0000000000000000)
 - inner classes:     Array<T>(0x00007fa60dc44450)
 - nest members:     Array<T>(0x00007fa60dc44470)
 - permitted subclasses:     Array<T>(0x00000008005ce7a0)
 - java mirror:       a 'java/lang/Class'{0x00000000e017c988} = 'jdk/vm/ci/services/Services'
 - vtable length      5  (start addr: 0x0000000800c41970)
 - itable length      2 (start addr: 0x0000000800c41998)
 - ---- static fields (3 words):
 - public static final 'IS_BUILDING_NATIVE_IMAGE' 'Z' @128 
 - public static final 'IS_IN_NATIVE_IMAGE' 'Z' @129 
 - private static volatile 'savedProperties' 'Ljava/util/Map;' @112 
 - static final 'JVMCI_ENABLED' 'Z' @130 
 - private static final 'servicesCache' 'Ljava/util/Map;' @116 
 - private static final 'MAX_UNICODE_IN_UTF8_LENGTH' 'I' @120 
 - private static final 'MAX_UTF8_PROPERTY_STRING_LENGTH' 'I' @124 
 - ---- non-static fields (0 words):
 - non-static oop maps: 
stack at sp + 4 slots: 0x00007fa60d246500 is pointing into the stack for thread: 0x00007fa6280b2210
stack at sp + 5 slots: 0x00007fa62d89c2fe: <offset 0x000000000093e2fe> in /nix/store/gpxl5qgg8kicmcvivwmybwjlpf7wh20l-graalvm17-ce-22.3.0/lib/server/libjvm.so at 0x00007fa62cf5e000
stack at sp + 6 slots: 0x00007fa60d2463e0 is pointing into the stack for thread: 0x00007fa6280b2210
stack at sp + 7 slots: 0x00007fa60d246440 is pointing into the stack for thread: 0x00007fa6280b2210


---------------  P R O C E S S  ---------------

Threads class SMR info:
_java_thread_list=0x00007fa58c005e10, length=26, elements={
0x00007fa628026690, 0x00007fa6280a64d0, 0x00007fa6280a7910, 0x00007fa6280ae080,
0x00007fa6280af430, 0x00007fa6280b0820, 0x00007fa6280b2210, 0x00007fa6280b3720,
0x00007fa6280b4b70, 0x00007fa6280d80c0, 0x00007fa62811fef0, 0x00007fa62836c7a0,
0x00007fa6283a02d0, 0x00007fa6283a21b0, 0x00007fa628216940, 0x00007fa5bc017130,
0x00007fa5bc2aa940, 0x00007fa5bc30c770, 0x00007fa5b00010d0, 0x00007fa5bc488b00,
0x00007fa5bc62f230, 0x00007fa62839e760, 0x00007fa6284d94d0, 0x00007fa58c000ff0,
0x00007fa5b813eb90, 0x00007fa5b813d7d0
}

Java Threads: ( => current thread )
  0x00007fa628026690 JavaThread "main" [_thread_blocked, id=27, stack(0x00007fa62cd79000,0x00007fa62ce79000)]
  0x00007fa6280a64d0 JavaThread "Reference Handler" daemon [_thread_blocked, id=31, stack(0x00007fa60d92e000,0x00007fa60da2e000)]
  0x00007fa6280a7910 JavaThread "Finalizer" daemon [_thread_blocked, id=32, stack(0x00007fa60d82e000,0x00007fa60d92e000)]
  0x00007fa6280ae080 JavaThread "Signal Dispatcher" daemon [_thread_blocked, id=33, stack(0x00007fa60d448000,0x00007fa60d548000)]
  0x00007fa6280af430 JavaThread "Service Thread" daemon [_thread_blocked, id=34, stack(0x00007fa60d348000,0x00007fa60d448000)]
  0x00007fa6280b0820 JavaThread "Monitor Deflation Thread" daemon [_thread_blocked, id=35, stack(0x00007fa60d248000,0x00007fa60d348000)]
=>0x00007fa6280b2210 JavaThread "JVMCI-native CompilerThread0" daemon [_thread_in_vm, id=36, stack(0x00007fa60d048000,0x00007fa60d248000)]
  0x00007fa6280b3720 JavaThread "C1 CompilerThread0" daemon [_thread_blocked, id=37, stack(0x00007fa60ce48000,0x00007fa60d048000)]
  0x00007fa6280b4b70 JavaThread "Sweeper thread" daemon [_thread_blocked, id=38, stack(0x00007fa60cd48000,0x00007fa60ce48000)]
  0x00007fa6280d80c0 JavaThread "Common-Cleaner" daemon [_thread_blocked, id=39, stack(0x00007fa60cc48000,0x00007fa60cd48000)]
  0x00007fa62811fef0 JavaThread "Notification Thread" daemon [_thread_blocked, id=41, stack(0x00007fa60cb48000,0x00007fa60cc48000)]
  0x00007fa62836c7a0 JavaThread "Active Thread: Equinox Container: ae2239ad-63e0-4273-87e8-dd9b61dd0f1d" [_thread_blocked, id=45, stack(0x00007fa60c800000,0x00007fa60c900000)]
  0x00007fa6283a02d0 JavaThread "Framework Event Dispatcher: Equinox Container: ae2239ad-63e0-4273-87e8-dd9b61dd0f1d" daemon [_thread_blocked, id=46, stack(0x00007fa60c600000,0x00007fa60c700000)]
  0x00007fa6283a21b0 JavaThread "Start Level: Equinox Container: ae2239ad-63e0-4273-87e8-dd9b61dd0f1d" daemon [_thread_blocked, id=47, stack(0x00007fa60c400000,0x00007fa60c500000)]
  0x00007fa628216940 JavaThread "Refresh Thread: Equinox Container: ae2239ad-63e0-4273-87e8-dd9b61dd0f1d" daemon [_thread_blocked, id=48, stack(0x00007fa60c200000,0x00007fa60c300000)]
  0x00007fa5bc017130 JavaThread "SCR Component Actor" daemon [_thread_blocked, id=49, stack(0x00007fa60c000000,0x00007fa60c100000)]
  0x00007fa5bc2aa940 JavaThread "Worker-JM" [_thread_blocked, id=51, stack(0x00007fa5d4700000,0x00007fa5d4800000)]
  0x00007fa5bc30c770 JavaThread "Worker-0" [_thread_blocked, id=52, stack(0x00007fa5d4500000,0x00007fa5d4600000)]
  0x00007fa5b00010d0 JavaThread "Worker-1: Compacting resource model" [_thread_blocked, id=53, stack(0x00007fa5d4300000,0x00007fa5d4400000)]
  0x00007fa5bc488b00 JavaThread "Java indexing" daemon [_thread_blocked, id=54, stack(0x00007fa5d4100000,0x00007fa5d4200000)]
  0x00007fa5bc62f230 JavaThread "Bundle File Closer" daemon [_thread_blocked, id=56, stack(0x00007fa5d3d00000,0x00007fa5d3e00000)]
  0x00007fa62839e760 JavaThread "pool-3-thread-1" [_thread_blocked, id=57, stack(0x00007fa5d3b00000,0x00007fa5d3c00000)]
  0x00007fa6284d94d0 JavaThread "pool-2-thread-1" [_thread_blocked, id=58, stack(0x00007fa5d4900000,0x00007fa5d4a00000)]
  0x00007fa58c000ff0 JavaThread "Worker-4: Publish Diagnostics" [_thread_blocked, id=60, stack(0x00007fa5d3700000,0x00007fa5d3800000)]
  0x00007fa5b813eb90 JavaThread "Thread-5" [_thread_blocked, id=85, stack(0x00007fa60c946000,0x00007fa60ca46000)]
  0x00007fa5b813d7d0 JavaThread "Thread-9" [_thread_blocked, id=89, stack(0x00007fa5d3500000,0x00007fa5d3600000)]

Other Threads:
  0x00007fa6280a1c10 VMThread "VM Thread" [stack: 0x00007fa60da30000,0x00007fa60db30000] [id=30] _threads_hazard_ptr=0x00007fa58c005e10
  0x00007fa628121890 WatcherThread [stack: 0x00007fa60ca48000,0x00007fa60cb48000] [id=42]
  0x00007fa62803df30 GCTaskThread "GC Thread#0" [stack: 0x00007fa62c93c000,0x00007fa62ca3c000] [id=28]

Threads with active compile tasks:
JVMCI-native CompilerThread0  1962035 9209  s    4       org.eclipse.jdt.internal.core.JavaModelManager::getInfo (36 bytes)

VM state: synchronizing (normal execution)

VM Mutex/Monitor currently owned by a thread:  ([mutex/lock_event])
[0x00007fa628023840] Threads_lock - owner thread: 0x00007fa6280a1c10
[0x00007fa628023ff0] Heap_lock - owner thread: 0x00007fa5b813d7d0

OutOfMemory and StackOverflow Exception counts:
OutOfMemoryError java_heap_errors=1
LinkageErrors=48

Heap address: 0x00000000e0000000, size: 512 MB, Compressed Oops mode: 32-bit

CDS archive(s) mapped at: [0x0000000800000000-0x0000000800bc8000-0x0000000800bc8000), size 12353536, SharedBaseAddress: 0x0000000800000000, ArchiveRelocationMode: 0.
Compressed class space mapped at: 0x0000000800c00000-0x0000000840c00000, reserved size: 1073741824
Narrow klass base: 0x0000000800000000, Narrow klass shift: 0, Narrow klass range: 0x100000000

GC Precious Log:
 CPUs: 8 total, 1 available
 Memory: 1024M
 Large Page Support: Disabled
 NUMA Support: Disabled
 Compressed Oops: Enabled (32-bit)
 Alignments: Space 512K, Generation 512K, Heap 2M
 Heap Min Capacity: 100M
 Heap Initial Capacity: 100M
 Heap Max Capacity: 512M
 Pre-touch: Disabled
 Parallel Workers: 1

Heap:
 PSYoungGen      total 87040K, used 51711K [0x00000000f5580000, 0x00000000fd380000, 0x0000000100000000)
  eden space 51712K, 99% used [0x00000000f5580000,0x00000000f87ffff8,0x00000000f8800000)
  from space 35328K, 0% used [0x00000000fb100000,0x00000000fb100000,0x00000000fd380000)
  to   space 16384K, 0% used [0x00000000f8800000,0x00000000f8800000,0x00000000f9800000)
 ParOldGen       total 349696K, used 349695K [0x00000000e0000000, 0x00000000f5580000, 0x00000000f5580000)
  object space 349696K, 99% used [0x00000000e0000000,0x00000000f557ff58,0x00000000f5580000)
 Metaspace       used 58654K, committed 59456K, reserved 1105920K
  class space    used 5665K, committed 6016K, reserved 1048576K

Card table byte_map: [0x00007fa62ca3c000,0x00007fa62cb3d000] _byte_map_base: 0x00007fa62c33c000

Marking Bits: (ParMarkBitMap*) 0x00007fa62e18c4c0
 Begin Bits: [0x00007fa60e4b3000, 0x00007fa60ecb3000)
 End Bits:   [0x00007fa60ecb3000, 0x00007fa60f4b3000)

Polling page: 0x00007fa62cd56000

Metaspace:

Usage:
  Non-class:     51.75 MB used.
      Class:      5.53 MB used.
       Both:     57.28 MB used.

Virtual space:
  Non-class space:       56.00 MB reserved,      52.19 MB ( 93%) committed,  7 nodes.
      Class space:        1.00 GB reserved,       5.88 MB ( <1%) committed,  1 nodes.
             Both:        1.05 GB reserved,      58.06 MB (  5%) committed. 

Chunk freelists:
   Non-Class:  3.83 MB
       Class:  2.19 MB
        Both:  6.02 MB

MaxMetaspaceSize: unlimited
CompressedClassSpaceSize: 1.00 GB
Initial GC threshold: 21.00 MB
Current GC threshold: 96.81 MB
CDS: on
MetaspaceReclaimPolicy: balanced
 - commit_granule_bytes: 65536.
 - commit_granule_words: 8192.
 - virtual_space_node_default_size: 1048576.
 - enlarge_chunks_in_place: 1.
 - new_chunks_are_fully_committed: 0.
 - uncommit_free_chunks: 1.
 - use_allocation_guard: 0.
 - handle_deallocations: 1.


Internal statistics:

num_allocs_failed_limit: 6.
num_arena_births: 360.
num_arena_deaths: 68.
num_vsnodes_births: 8.
num_vsnodes_deaths: 0.
num_space_committed: 927.
num_space_uncommitted: 0.
num_chunks_returned_to_freelist: 92.
num_chunks_taken_from_freelist: 2578.
num_chunk_merges: 35.
num_chunk_splits: 1711.
num_chunks_enlarged: 1121.
num_purges: 12.
num_inconsistent_stats: 0.

CodeHeap 'non-profiled nmethods': size=120036Kb used=2452Kb max_used=2452Kb free=117583Kb
 bounds [0x00007fa616f7a000, 0x00007fa6171ea000, 0x00007fa61e4b3000]
CodeHeap 'profiled nmethods': size=120032Kb used=14903Kb max_used=15645Kb free=105128Kb
 bounds [0x00007fa60fa42000, 0x00007fa610992000, 0x00007fa616f7a000]
CodeHeap 'non-nmethods': size=5692Kb used=1413Kb max_used=1415Kb free=4278Kb
 bounds [0x00007fa60f4b3000, 0x00007fa60f723000, 0x00007fa60fa42000]
 total_blobs=7407 nmethods=6654 adapters=616
 compilation: enabled
              stopped_count=0, restarted_count=0
 full_count=0

JVMCI Events (20 events):
Event: 1711.599 Thread 0x00007fa6280b2210 compacted oop handles in JVMCI runtime 0 from 57 to 57
Event: 1711.599 Thread 0x00007fa6280b2210 releasing handles for JVMCI runtime 0: oop handles=57, metadata handles={total=173, live=166, blocks=40}
Event: 1711.599 Thread 0x00007fa6280b2210 detached from JVMCI runtime 0
Event: 1770.790 Thread 0x00007fa6280b2210 attached to JVMCI runtime 0
Event: 1770.791 Thread 0x00007fa6280b2210 created JavaVM[14]@0x00007fa5d2d9e340 for JVMCI runtime 0
Event: 1771.984 Thread 0x00007fa6280b2210 initializing JVMCI runtime 0
Event: 1771.984 Thread 0x00007fa6280b2210 done waiting for JavaVM references initialization in JVMCI runtime 0
Event: 1800.831 Thread 0x00007fa6280b2210 initialized JVMCI runtime 0
Event: 1818.529 Thread 0x00007fa6280b2210 compacted oop handles in JVMCI runtime 0 from 66 to 56
Event: 1828.009 Thread 0x00007fa6280b2210 detaching from JVMCI runtime 0: releasing idle compiler thread (0 other threads still attached)
Event: 1828.009 Thread 0x00007fa6280b2210 shutting down HotSpotJVMCIRuntime for JVMCI runtime 0
Event: 1828.009 Thread 0x00007fa6280b2210 shut down JVMCI runtime 0
Event: 1828.010 Thread 0x00007fa6280b2210 destroyed JavaVM[14]@0x00007fa5d2d9e340 for JVMCI runtime 0
Event: 1828.010 Thread 0x00007fa6280b2210 compacted oop handles in JVMCI runtime 0 from 60 to 60
Event: 1828.010 Thread 0x00007fa6280b2210 releasing handles for JVMCI runtime 0: oop handles=60, metadata handles={total=128, live=114, blocks=40}
Event: 1828.010 Thread 0x00007fa6280b2210 detached from JVMCI runtime 0
Event: 1958.502 Thread 0x00007fa6280b2210 attached to JVMCI runtime 0
Event: 1958.503 Thread 0x00007fa6280b2210 created JavaVM[15]@0x00007fa5d2d9e340 for JVMCI runtime 0
Event: 1959.606 Thread 0x00007fa6280b2210 initializing JVMCI runtime 0
Event: 1959.606 Thread 0x00007fa6280b2210 done waiting for JavaVM references initialization in JVMCI runtime 0

Compilation events (20 events):
Event: 1547.030 Thread 0x00007fa6280b3720 9200   !   3       java.util.concurrent.locks.AbstractQueuedSynchronizer::acquire (407 bytes)
Event: 1548.294 Thread 0x00007fa6280b3720 nmethod 9200 0x00007fa610653010 code [0x00007fa610653380, 0x00007fa6106551a0]
Event: 1548.294 Thread 0x00007fa6280b3720 9201       3       java.util.concurrent.ScheduledThreadPoolExecutor$ScheduledFutureTask::getDelay (16 bytes)
Event: 1548.294 Thread 0x00007fa6280b3720 nmethod 9201 0x00007fa610652c10 code [0x00007fa610652dc0, 0x00007fa610652f40]
Event: 1550.797 Thread 0x00007fa6280b2210 nmethod 9199 0x00007fa6171da690 code [0x00007fa6171da820, 0x00007fa6171dada8]
Event: 1554.486 Thread 0x00007fa6280b3720 9202       1       org.eclipse.osgi.internal.location.BasicLocation::isReadOnly (5 bytes)
Event: 1554.486 Thread 0x00007fa6280b3720 nmethod 9202 0x00007fa6171daf90 code [0x00007fa6171db120, 0x00007fa6171db1f0]
Event: 1559.423 Thread 0x00007fa6280b2210 9203       4       org.eclipse.jdt.internal.core.JavaElement::hashCode (30 bytes)
Event: 1597.611 Thread 0x00007fa6280b3720 9206       3       org.eclipse.core.internal.registry.ConfigurationElement::getAttributeAsIs (62 bytes)
Event: 1598.879 Thread 0x00007fa6280b3720 nmethod 9206 0x00007fa610652490 code [0x00007fa610652660, 0x00007fa610652a00]
Event: 1685.589 Thread 0x00007fa6280b2210 nmethod 9203 0x00007fa6171db290 code [0x00007fa6171db4a0, 0x00007fa6171dbc28]
Event: 1685.589 Thread 0x00007fa6280b2210 9204       4       org.eclipse.jdt.internal.core.PackageFragment::equals (53 bytes)
Event: 1695.087 Thread 0x00007fa6280b2210 nmethod 9204 0x00007fa6171dbf90 code [0x00007fa6171dc1e0, 0x00007fa6171dcb70]
Event: 1695.087 Thread 0x00007fa6280b2210 9205   !   4       org.eclipse.jdt.internal.core.NameLookup::findSecondaryType (196 bytes)
Event: 1709.204 Thread 0x00007fa6280b2210 nmethod 9205 0x00007fa6171dd290 code [0x00007fa6171dd440, 0x00007fa6171ddb70]
Event: 1770.790 Thread 0x00007fa6280b2210 9207       4       java.lang.Integer::parseInt (264 bytes)
Event: 1818.529 Thread 0x00007fa6280b2210 nmethod 9207 0x00007fa6171de090 code [0x00007fa6171de240, 0x00007fa6171de600]
Event: 1818.529 Thread 0x00007fa6280b2210 9208       4       java.util.Arrays$ArrayList::indexOf (62 bytes)
Event: 1826.890 Thread 0x00007fa6280b2210 nmethod 9208 0x00007fa6171dea10 code [0x00007fa6171debe0, 0x00007fa6171def58]
Event: 1958.502 Thread 0x00007fa6280b2210 9209  s    4       org.eclipse.jdt.internal.core.JavaModelManager::getInfo (36 bytes)

GC Heap History (20 events):
Event: 1950.280 GC heap before
{Heap before GC invocations=1620 (full 1494):
 PSYoungGen      total 87040K, used 51712K [0x00000000f5580000, 0x00000000fd380000, 0x0000000100000000)
  eden space 51712K, 100% used [0x00000000f5580000,0x00000000f8800000,0x00000000f8800000)
  from space 35328K, 0% used [0x00000000fb100000,0x00000000fb100000,0x00000000fd380000)
  to   space 16384K, 0% used [0x00000000f8800000,0x00000000f8800000,0x00000000f9800000)
 ParOldGen       total 349696K, used 349693K [0x00000000e0000000, 0x00000000f5580000, 0x00000000f5580000)
  object space 349696K, 99% used [0x00000000e0000000,0x00000000f557f688,0x00000000f5580000)
 Metaspace       used 58654K, committed 59456K, reserved 1105920K
  class space    used 5665K, committed 6016K, reserved 1048576K
}
Event: 1951.411 GC heap after
{Heap after GC invocations=1620 (full 1494):
 PSYoungGen      total 68096K, used 51709K [0x00000000f5580000, 0x00000000fd380000, 0x0000000100000000)
  eden space 51712K, 99% used [0x00000000f5580000,0x00000000f87ff750,0x00000000f8800000)
  from space 16384K, 0% used [0x00000000f8800000,0x00000000f8800000,0x00000000f9800000)
  to   space 35328K, 0% used [0x00000000fb100000,0x00000000fb100000,0x00000000fd380000)
 ParOldGen       total 349696K, used 349693K [0x00000000e0000000, 0x00000000f5580000, 0x00000000f5580000)
  object space 349696K, 99% used [0x00000000e0000000,0x00000000f557f688,0x00000000f5580000)
 Metaspace       used 58654K, committed 59456K, reserved 1105920K
  class space    used 5665K, committed 6016K, reserved 1048576K
}
Event: 1951.411 GC heap before
{Heap before GC invocations=1621 (full 1495):
 PSYoungGen      total 68096K, used 51712K [0x00000000f5580000, 0x00000000fd380000, 0x0000000100000000)
  eden space 51712K, 100% used [0x00000000f5580000,0x00000000f8800000,0x00000000f8800000)
  from space 16384K, 0% used [0x00000000f8800000,0x00000000f8800000,0x00000000f9800000)
  to   space 35328K, 0% used [0x00000000fb100000,0x00000000fb100000,0x00000000fd380000)
 ParOldGen       total 349696K, used 349693K [0x00000000e0000000, 0x00000000f5580000, 0x00000000f5580000)
  object space 349696K, 99% used [0x00000000e0000000,0x00000000f557f688,0x00000000f5580000)
 Metaspace       used 58654K, committed 59456K, reserved 1105920K
  class space    used 5665K, committed 6016K, reserved 1048576K
}
Event: 1952.611 GC heap after
{Heap after GC invocations=1621 (full 1495):
 PSYoungGen      total 87040K, used 51709K [0x00000000f5580000, 0x00000000fd380000, 0x0000000100000000)
  eden space 51712K, 99% used [0x00000000f5580000,0x00000000f87ff768,0x00000000f8800000)
  from space 35328K, 0% used [0x00000000fb100000,0x00000000fb100000,0x00000000fd380000)
  to   space 16384K, 0% used [0x00000000f8800000,0x00000000f8800000,0x00000000f9800000)
 ParOldGen       total 349696K, used 349693K [0x00000000e0000000, 0x00000000f5580000, 0x00000000f5580000)
  object space 349696K, 99% used [0x00000000e0000000,0x00000000f557f688,0x00000000f5580000)
 Metaspace       used 58654K, committed 59456K, reserved 1105920K
  class space    used 5665K, committed 6016K, reserved 1048576K
}
Event: 1952.611 GC heap before
{Heap before GC invocations=1622 (full 1496):
 PSYoungGen      total 87040K, used 51712K [0x00000000f5580000, 0x00000000fd380000, 0x0000000100000000)
  eden space 51712K, 100% used [0x00000000f5580000,0x00000000f8800000,0x00000000f8800000)
  from space 35328K, 0% used [0x00000000fb100000,0x00000000fb100000,0x00000000fd380000)
  to   space 16384K, 0% used [0x00000000f8800000,0x00000000f8800000,0x00000000f9800000)
 ParOldGen       total 349696K, used 349693K [0x00000000e0000000, 0x00000000f5580000, 0x00000000f5580000)
  object space 349696K, 99% used [0x00000000e0000000,0x00000000f557f688,0x00000000f5580000)
 Metaspace       used 58654K, committed 59456K, reserved 1105920K
  class space    used 5665K, committed 6016K, reserved 1048576K
}
Event: 1953.800 GC heap after
{Heap after GC invocations=1622 (full 1496):
 PSYoungGen      total 68096K, used 51709K [0x00000000f5580000, 0x00000000fd380000, 0x0000000100000000)
  eden space 51712K, 99% used [0x00000000f5580000,0x00000000f87ff780,0x00000000f8800000)
  from space 16384K, 0% used [0x00000000f8800000,0x00000000f8800000,0x00000000f9800000)
  to   space 35328K, 0% used [0x00000000fb100000,0x00000000fb100000,0x00000000fd380000)
 ParOldGen       total 349696K, used 349693K [0x00000000e0000000, 0x00000000f5580000, 0x00000000f5580000)
  object space 349696K, 99% used [0x00000000e0000000,0x00000000f557f688,0x00000000f5580000)
 Metaspace       used 58654K, committed 59456K, reserved 1105920K
  class space    used 5665K, committed 6016K, reserved 1048576K
}
Event: 1953.800 GC heap before
{Heap before GC invocations=1623 (full 1497):
 PSYoungGen      total 68096K, used 51712K [0x00000000f5580000, 0x00000000fd380000, 0x0000000100000000)
  eden space 51712K, 100% used [0x00000000f5580000,0x00000000f8800000,0x00000000f8800000)
  from space 16384K, 0% used [0x00000000f8800000,0x00000000f8800000,0x00000000f9800000)
  to   space 35328K, 0% used [0x00000000fb100000,0x00000000fb100000,0x00000000fd380000)
 ParOldGen       total 349696K, used 349693K [0x00000000e0000000, 0x00000000f5580000, 0x00000000f5580000)
  object space 349696K, 99% used [0x00000000e0000000,0x00000000f557f688,0x00000000f5580000)
 Metaspace       used 58654K, committed 59456K, reserved 1105920K
  class space    used 5665K, committed 6016K, reserved 1048576K
}
Event: 1955.009 GC heap after
{Heap after GC invocations=1623 (full 1497):
 PSYoungGen      total 87040K, used 51709K [0x00000000f5580000, 0x00000000fd380000, 0x0000000100000000)
  eden space 51712K, 99% used [0x00000000f5580000,0x00000000f87ff7b0,0x00000000f8800000)
  from space 35328K, 0% used [0x00000000fb100000,0x00000000fb100000,0x00000000fd380000)
  to   space 16384K, 0% used [0x00000000f8800000,0x00000000f8800000,0x00000000f9800000)
 ParOldGen       total 349696K, used 349693K [0x00000000e0000000, 0x00000000f5580000, 0x00000000f5580000)
  object space 349696K, 99% used [0x00000000e0000000,0x00000000f557f688,0x00000000f5580000)
 Metaspace       used 58654K, committed 59456K, reserved 1105920K
  class space    used 5665K, committed 6016K, reserved 1048576K
}
Event: 1955.009 GC heap before
{Heap before GC invocations=1624 (full 1498):
 PSYoungGen      total 87040K, used 51712K [0x00000000f5580000, 0x00000000fd380000, 0x0000000100000000)
  eden space 51712K, 100% used [0x00000000f5580000,0x00000000f8800000,0x00000000f8800000)
  from space 35328K, 0% used [0x00000000fb100000,0x00000000fb100000,0x00000000fd380000)
  to   space 16384K, 0% used [0x00000000f8800000,0x00000000f8800000,0x00000000f9800000)
 ParOldGen       total 349696K, used 349693K [0x00000000e0000000, 0x00000000f5580000, 0x00000000f5580000)
  object space 349696K, 99% used [0x00000000e0000000,0x00000000f557f688,0x00000000f5580000)
 Metaspace       used 58654K, committed 59456K, reserved 1105920K
  class space    used 5665K, committed 6016K, reserved 1048576K
}
Event: 1956.204 GC heap after
{Heap after GC invocations=1624 (full 1498):
 PSYoungGen      total 68096K, used 51709K [0x00000000f5580000, 0x00000000fd380000, 0x0000000100000000)
  eden space 51712K, 99% used [0x00000000f5580000,0x00000000f87ff7d0,0x00000000f8800000)
  from space 16384K, 0% used [0x00000000f8800000,0x00000000f8800000,0x00000000f9800000)
  to   space 35328K, 0% used [0x00000000fb100000,0x00000000fb100000,0x00000000fd380000)
 ParOldGen       total 349696K, used 349693K [0x00000000e0000000, 0x00000000f5580000, 0x00000000f5580000)
  object space 349696K, 99% used [0x00000000e0000000,0x00000000f557f688,0x00000000f5580000)
 Metaspace       used 58654K, committed 59456K, reserved 1105920K
  class space    used 5665K, committed 6016K, reserved 1048576K
}
Event: 1956.204 GC heap before
{Heap before GC invocations=1625 (full 1499):
 PSYoungGen      total 68096K, used 51712K [0x00000000f5580000, 0x00000000fd380000, 0x0000000100000000)
  eden space 51712K, 100% used [0x00000000f5580000,0x00000000f8800000,0x00000000f8800000)
  from space 16384K, 0% used [0x00000000f8800000,0x00000000f8800000,0x00000000f9800000)
  to   space 35328K, 0% used [0x00000000fb100000,0x00000000fb100000,0x00000000fd380000)
 ParOldGen       total 349696K, used 349693K [0x00000000e0000000, 0x00000000f5580000, 0x00000000f5580000)
  object space 349696K, 99% used [0x00000000e0000000,0x00000000f557f688,0x00000000f5580000)
 Metaspace       used 58654K, committed 59456K, reserved 1105920K
  class space    used 5665K, committed 6016K, reserved 1048576K
}
Event: 1957.327 GC heap after
{Heap after GC invocations=1625 (full 1499):
 PSYoungGen      total 87040K, used 51709K [0x00000000f5580000, 0x00000000fd380000, 0x0000000100000000)
  eden space 51712K, 99% used [0x00000000f5580000,0x00000000f87ff7b0,0x00000000f8800000)
  from space 35328K, 0% used [0x00000000fb100000,0x00000000fb100000,0x00000000fd380000)
  to   space 16384K, 0% used [0x00000000f8800000,0x00000000f8800000,0x00000000f9800000)
 ParOldGen       total 349696K, used 349693K [0x00000000e0000000, 0x00000000f5580000, 0x00000000f5580000)
  object space 349696K, 99% used [0x00000000e0000000,0x00000000f557f688,0x00000000f5580000)
 Metaspace       used 58654K, committed 59456K, reserved 1105920K
  class space    used 5665K, committed 6016K, reserved 1048576K
}
Event: 1957.327 GC heap before
{Heap before GC invocations=1626 (full 1500):
 PSYoungGen      total 87040K, used 51712K [0x00000000f5580000, 0x00000000fd380000, 0x0000000100000000)
  eden space 51712K, 100% used [0x00000000f5580000,0x00000000f8800000,0x00000000f8800000)
  from space 35328K, 0% used [0x00000000fb100000,0x00000000fb100000,0x00000000fd380000)
  to   space 16384K, 0% used [0x00000000f8800000,0x00000000f8800000,0x00000000f9800000)
 ParOldGen       total 349696K, used 349693K [0x00000000e0000000, 0x00000000f5580000, 0x00000000f5580000)
  object space 349696K, 99% used [0x00000000e0000000,0x00000000f557f688,0x00000000f5580000)
 Metaspace       used 58654K, committed 59456K, reserved 1105920K
  class space    used 5665K, committed 6016K, reserved 1048576K
}
Event: 1958.502 GC heap after
{Heap after GC invocations=1626 (full 1500):
 PSYoungGen      total 68096K, used 51709K [0x00000000f5580000, 0x00000000fd380000, 0x0000000100000000)
  eden space 51712K, 99% used [0x00000000f5580000,0x00000000f87ff7d0,0x00000000f8800000)
  from space 16384K, 0% used [0x00000000f8800000,0x00000000f8800000,0x00000000f9800000)
  to   space 35328K, 0% used [0x00000000fb100000,0x00000000fb100000,0x00000000fd380000)
 ParOldGen       total 349696K, used 349693K [0x00000000e0000000, 0x00000000f5580000, 0x00000000f5580000)
  object space 349696K, 99% used [0x00000000e0000000,0x00000000f557f688,0x00000000f5580000)
 Metaspace       used 58654K, committed 59456K, reserved 1105920K
  class space    used 5665K, committed 6016K, reserved 1048576K
}
Event: 1958.504 GC heap before
{Heap before GC invocations=1627 (full 1501):
 PSYoungGen      total 68096K, used 51712K [0x00000000f5580000, 0x00000000fd380000, 0x0000000100000000)
  eden space 51712K, 100% used [0x00000000f5580000,0x00000000f8800000,0x00000000f8800000)
  from space 16384K, 0% used [0x00000000f8800000,0x00000000f8800000,0x00000000f9800000)
  to   space 35328K, 0% used [0x00000000fb100000,0x00000000fb100000,0x00000000fd380000)
 ParOldGen       total 349696K, used 349693K [0x00000000e0000000, 0x00000000f5580000, 0x00000000f5580000)
  object space 349696K, 99% used [0x00000000e0000000,0x00000000f557f688,0x00000000f5580000)
 Metaspace       used 58654K, committed 59456K, reserved 1105920K
  class space    used 5665K, committed 6016K, reserved 1048576K
}
Event: 1959.606 GC heap after
{Heap after GC invocations=1627 (full 1501):
 PSYoungGen      total 87040K, used 51710K [0x00000000f5580000, 0x00000000fd380000, 0x0000000100000000)
  eden space 51712K, 99% used [0x00000000f5580000,0x00000000f87ff930,0x00000000f8800000)
  from space 35328K, 0% used [0x00000000fb100000,0x00000000fb100000,0x00000000fd380000)
  to   space 16384K, 0% used [0x00000000f8800000,0x00000000f8800000,0x00000000f9800000)
 ParOldGen       total 349696K, used 349693K [0x00000000e0000000, 0x00000000f5580000, 0x00000000f5580000)
  object space 349696K, 99% used [0x00000000e0000000,0x00000000f557f688,0x00000000f5580000)
 Metaspace       used 58654K, committed 59456K, reserved 1105920K
  class space    used 5665K, committed 6016K, reserved 1048576K
}
Event: 1959.607 GC heap before
{Heap before GC invocations=1628 (full 1502):
 PSYoungGen      total 87040K, used 51711K [0x00000000f5580000, 0x00000000fd380000, 0x0000000100000000)
  eden space 51712K, 99% used [0x00000000f5580000,0x00000000f87ffff0,0x00000000f8800000)
  from space 35328K, 0% used [0x00000000fb100000,0x00000000fb100000,0x00000000fd380000)
  to   space 16384K, 0% used [0x00000000f8800000,0x00000000f8800000,0x00000000f9800000)
 ParOldGen       total 349696K, used 349693K [0x00000000e0000000, 0x00000000f5580000, 0x00000000f5580000)
  object space 349696K, 99% used [0x00000000e0000000,0x00000000f557f688,0x00000000f5580000)
 Metaspace       used 58654K, committed 59456K, reserved 1105920K
  class space    used 5665K, committed 6016K, reserved 1048576K
}
Event: 1960.823 GC heap after
{Heap after GC invocations=1628 (full 1502):
 PSYoungGen      total 68096K, used 51711K [0x00000000f5580000, 0x00000000fd380000, 0x0000000100000000)
  eden space 51712K, 99% used [0x00000000f5580000,0x00000000f87ffc10,0x00000000f8800000)
  from space 16384K, 0% used [0x00000000f8800000,0x00000000f8800000,0x00000000f9800000)
  to   space 35328K, 0% used [0x00000000fb100000,0x00000000fb100000,0x00000000fd380000)
 ParOldGen       total 349696K, used 349693K [0x00000000e0000000, 0x00000000f5580000, 0x00000000f5580000)
  object space 349696K, 99% used [0x00000000e0000000,0x00000000f557f658,0x00000000f5580000)
 Metaspace       used 58654K, committed 59456K, reserved 1105920K
  class space    used 5665K, committed 6016K, reserved 1048576K
}
Event: 1960.823 GC heap before
{Heap before GC invocations=1629 (full 1503):
 PSYoungGen      total 68096K, used 51711K [0x00000000f5580000, 0x00000000fd380000, 0x0000000100000000)
  eden space 51712K, 99% used [0x00000000f5580000,0x00000000f87ffc10,0x00000000f8800000)
  from space 16384K, 0% used [0x00000000f8800000,0x00000000f8800000,0x00000000f9800000)
  to   space 35328K, 0% used [0x00000000fb100000,0x00000000fb100000,0x00000000fd380000)
 ParOldGen       total 349696K, used 349693K [0x00000000e0000000, 0x00000000f5580000, 0x00000000f5580000)
  object space 349696K, 99% used [0x00000000e0000000,0x00000000f557f658,0x00000000f5580000)
 Metaspace       used 58654K, committed 59456K, reserved 1105920K
  class space    used 5665K, committed 6016K, reserved 1048576K
}
Event: 1962.007 GC heap after
{Heap after GC invocations=1629 (full 1503):
 PSYoungGen      total 87040K, used 51711K [0x00000000f5580000, 0x00000000fd380000, 0x0000000100000000)
  eden space 51712K, 99% used [0x00000000f5580000,0x00000000f87ffc10,0x00000000f8800000)
  from space 35328K, 0% used [0x00000000fb100000,0x00000000fb100000,0x00000000fd380000)
  to   space 16384K, 0% used [0x00000000f8800000,0x00000000f8800000,0x00000000f9800000)
 ParOldGen       total 349696K, used 349693K [0x00000000e0000000, 0x00000000f5580000, 0x00000000f5580000)
  object space 349696K, 99% used [0x00000000e0000000,0x00000000f557f658,0x00000000f5580000)
 Metaspace       used 58654K, committed 59456K, reserved 1105920K
  class space    used 5665K, committed 6016K, reserved 1048576K
}

Dll operation events (9 events):
Event: 0.002 Loaded shared library /nix/store/gpxl5qgg8kicmcvivwmybwjlpf7wh20l-graalvm17-ce-22.3.0/lib/libjava.so
Event: 0.010 Loaded shared library /nix/store/gpxl5qgg8kicmcvivwmybwjlpf7wh20l-graalvm17-ce-22.3.0/lib/libjsvml.so
Event: 0.403 Loaded shared library /nix/store/gpxl5qgg8kicmcvivwmybwjlpf7wh20l-graalvm17-ce-22.3.0/lib/libnio.so
Event: 0.406 Loaded shared library /nix/store/gpxl5qgg8kicmcvivwmybwjlpf7wh20l-graalvm17-ce-22.3.0/lib/libzip.so
Event: 0.409 Loaded shared library /nix/store/gpxl5qgg8kicmcvivwmybwjlpf7wh20l-graalvm17-ce-22.3.0/lib/libjvmcicompiler.so
Event: 0.885 Loaded shared library /nix/store/gpxl5qgg8kicmcvivwmybwjlpf7wh20l-graalvm17-ce-22.3.0/lib/libjimage.so
Event: 1.579 Loaded shared library /nix/store/gpxl5qgg8kicmcvivwmybwjlpf7wh20l-graalvm17-ce-22.3.0/lib/libnet.so
Event: 5.783 Loaded shared library /home/runner/.cache/jdt-language-server/config/org.eclipse.equinox.launcher/org.eclipse.equinox.launcher.gtk.linux.x86_64_1.2.400.v20211117-0650/eclipse_11600.so
Event: 15.785 Loaded shared library /nix/store/gpxl5qgg8kicmcvivwmybwjlpf7wh20l-graalvm17-ce-22.3.0/lib/libextnet.so

Deoptimization events (20 events):
Event: 63.182 Thread 0x00007fa5b813f640 DEOPT PACKING pc=0x00007fa61719c940 sp=0x00007fa60c7fd600
Event: 63.182 Thread 0x00007fa5b813f640 DEOPT UNPACKING pc=0x00007fa60f505325 sp=0x00007fa60c7fca18 mode 3
Event: 68.480 Thread 0x00007fa5b813eb90 Uncommon trap: trap_request=0xffffffed fr.pc=0x00007fa6171816ab relative=0x0000000000001a4b
Event: 68.480 Thread 0x00007fa5b813eb90 Uncommon trap: reason=null_assert_or_unreached0 action=reinterpret pc=0x00007fa6171816ab method=org.eclipse.jdt.internal.compiler.parser.Scanner.internalScanIdentifierOrKeyword(II[C)I @ 0 jvmci
Event: 68.480 Thread 0x00007fa5b813eb90 DEOPT PACKING pc=0x00007fa6171816ab sp=0x00007fa60ca439e0
Event: 68.480 Thread 0x00007fa5b813eb90 DEOPT UNPACKING pc=0x00007fa60f505325 sp=0x00007fa60ca42e70 mode 3
Event: 68.487 Thread 0x00007fa5b813eb90 Uncommon trap: trap_request=0xffffffed fr.pc=0x00007fa61718f8b4 relative=0x00000000000000b4
Event: 68.487 Thread 0x00007fa5b813eb90 Uncommon trap: reason=null_assert_or_unreached0 action=reinterpret pc=0x00007fa61718f8b4 method=org.eclipse.jdt.internal.compiler.parser.Scanner.setSource([C)V @ 0 jvmci
Event: 68.487 Thread 0x00007fa5b813eb90 DEOPT PACKING pc=0x00007fa61718f8b4 sp=0x00007fa60ca43860
Event: 68.487 Thread 0x00007fa5b813eb90 DEOPT UNPACKING pc=0x00007fa60f505325 sp=0x00007fa60ca42d00 mode 3
Event: 70.132 Thread 0x00007fa5b813eb90 Uncommon trap: trap_request=0xffffffed fr.pc=0x00007fa6170c2e76 relative=0x0000000000000376
Event: 70.132 Thread 0x00007fa5b813eb90 Uncommon trap: reason=null_assert_or_unreached0 action=reinterpret pc=0x00007fa6170c2e76 method=org.eclipse.jdt.internal.compiler.parser.Scanner.areRestrictedModuleKeywordsActive()Z @ 19 jvmci
Event: 70.132 Thread 0x00007fa5b813eb90 DEOPT PACKING pc=0x00007fa6170c2e76 sp=0x00007fa60ca43b10
Event: 70.132 Thread 0x00007fa5b813eb90 DEOPT UNPACKING pc=0x00007fa60f505325 sp=0x00007fa60ca42f00 mode 3
Event: 94.106 Thread 0x00007fa5b813d7d0 DEOPT PACKING pc=0x00007fa61078084d sp=0x00007fa5d35fd180
Event: 94.106 Thread 0x00007fa5b813d7d0 DEOPT UNPACKING pc=0x00007fa60f505325 sp=0x00007fa5d35fc618 mode 0
Event: 94.189 Thread 0x00007fa58c000ff0 Uncommon trap: trap_request=0xffffffcd fr.pc=0x00007fa61719c883 relative=0x0000000000000483
Event: 94.189 Thread 0x00007fa58c000ff0 Uncommon trap: reason=intrinsic_or_type_checked_inlining action=reinterpret pc=0x00007fa61719c883 method=org.eclipse.jdt.internal.compiler.parser.Parser.fetchNextToken()I @ 0 jvmci
Event: 94.189 Thread 0x00007fa58c000ff0 DEOPT PACKING pc=0x00007fa61719c883 sp=0x00007fa5d37fdc20
Event: 94.189 Thread 0x00007fa58c000ff0 DEOPT UNPACKING pc=0x00007fa60f505325 sp=0x00007fa5d37fd0d8 mode 3

Classes unloaded (20 events):
Event: 131.681 Thread 0x00007fa6280a1c10 Unloading class 0x0000000800d05000 'java/lang/invoke/LambdaForm$MH+0x0000000800d05000'
Event: 131.681 Thread 0x00007fa6280a1c10 Unloading class 0x0000000800d04c00 'java/lang/invoke/LambdaForm$MH+0x0000000800d04c00'
Event: 131.681 Thread 0x00007fa6280a1c10 Unloading class 0x0000000800d04800 'java/lang/invoke/LambdaForm$MH+0x0000000800d04800'
Event: 137.423 Thread 0x00007fa6280a1c10 Unloading class 0x0000000800efd800 'jdk/internal/reflect/GeneratedConstructorAccessor14'
Event: 137.423 Thread 0x00007fa6280a1c10 Unloading class 0x0000000800efc800 'jdk/internal/reflect/GeneratedConstructorAccessor10'
Event: 137.423 Thread 0x00007fa6280a1c10 Unloading class 0x0000000800efc400 'jdk/internal/reflect/GeneratedConstructorAccessor9'
Event: 137.423 Thread 0x00007fa6280a1c10 Unloading class 0x0000000800efc000 'jdk/internal/reflect/GeneratedConstructorAccessor8'
Event: 140.423 Thread 0x00007fa6280a1c10 Unloading class 0x0000000801059400 'java/lang/invoke/LambdaForm$MH+0x0000000801059400'
Event: 140.423 Thread 0x00007fa6280a1c10 Unloading class 0x0000000801059000 'java/lang/invoke/LambdaForm$MH+0x0000000801059000'
Event: 140.423 Thread 0x00007fa6280a1c10 Unloading class 0x0000000801058c00 'java/lang/invoke/LambdaForm$MH+0x0000000801058c00'
Event: 140.423 Thread 0x00007fa6280a1c10 Unloading class 0x0000000801058800 'java/lang/invoke/LambdaForm$MH+0x0000000801058800'
Event: 140.423 Thread 0x00007fa6280a1c10 Unloading class 0x0000000801058400 'java/lang/invoke/LambdaForm$MH+0x0000000801058400'
Event: 140.423 Thread 0x00007fa6280a1c10 Unloading class 0x0000000801058000 'java/lang/invoke/LambdaForm$MH+0x0000000801058000'
Event: 140.423 Thread 0x00007fa6280a1c10 Unloading class 0x0000000800d98400 'java/lang/invoke/LambdaForm$MH+0x0000000800d98400'
Event: 140.423 Thread 0x00007fa6280a1c10 Unloading class 0x0000000800d04000 'java/lang/invoke/LambdaForm$MH+0x0000000800d04000'
Event: 155.023 Thread 0x00007fa6280a1c10 Unloading class 0x0000000801085400 'jdk/internal/reflect/GeneratedSerializationConstructorAccessor4'
Event: 155.023 Thread 0x00007fa6280a1c10 Unloading class 0x0000000801085000 'jdk/internal/reflect/GeneratedSerializationConstructorAccessor3'
Event: 155.023 Thread 0x00007fa6280a1c10 Unloading class 0x0000000801084c00 'jdk/internal/reflect/GeneratedSerializationConstructorAccessor2'
Event: 155.023 Thread 0x00007fa6280a1c10 Unloading class 0x0000000801084800 'jdk/internal/reflect/GeneratedSerializationConstructorAccessor1'
Event: 326.679 Thread 0x00007fa6280a1c10 Unloading class 0x00000008011a0400 'jdk/internal/reflect/GeneratedConstructorAccessor29'

Classes redefined (0 events):
No events

Internal exceptions (20 events):
Event: 37.880 Thread 0x00007fa5900623b0 Exception <a 'sun/nio/fs/UnixException'{0x00000000f55a27b8}> (0x00000000f55a27b8) 
thrown [src/hotspot/share/prims/jni.cpp, line 516]
Event: 37.981 Thread 0x00007fa5900623b0 Exception <a 'java/lang/NoSuchMethodError'{0x00000000f5c23338}: 'int java.lang.invoke.DirectMethodHandle$Holder.invokeVirtual(java.lang.Object, java.lang.Object)'> (0x00000000f5c23338) 
thrown [src/hotspot/share/interpreter/linkResolver.cpp, line 758]
Event: 37.995 Thread 0x00007fa5900623b0 Implicit null exception at 0x00007fa6170d9fe9 to 0x00007fa6170da19b
Event: 38.079 Thread 0x00007fa5900623b0 Exception <a 'java/lang/NoSuchMethodError'{0x00000000f59f52f8}: 'int java.lang.invoke.DirectMethodHandle$Holder.invokeVirtual(java.lang.Object, java.lang.Object, java.lang.Object)'> (0x00000000f59f52f8) 
thrown [src/hotspot/share/interpreter/linkResolver.cpp, line 758]
Event: 39.480 Thread 0x00007fa5900623b0 Exception <a 'sun/nio/fs/UnixException'{0x00000000f56cfa98}> (0x00000000f56cfa98) 
thrown [src/hotspot/share/prims/jni.cpp, line 516]
Event: 39.687 Thread 0x00007fa5b00010d0 Exception <a 'java/lang/NoSuchMethodError'{0x00000000f558d6f8}: 'java.lang.Object java.lang.invoke.DirectMethodHandle$Holder.invokeStatic(java.lang.Object, java.lang.Object, java.lang.Object, long)'> (0x00000000f558d6f8) 
thrown [src/hotspot/share/interpreter/linkResolver.cpp, line 758]
Event: 39.687 Thread 0x00007fa5b00010d0 Exception <a 'java/lang/NoSuchMethodError'{0x00000000f5596c48}: 'java.lang.Object java.lang.invoke.DirectMethodHandle$Holder.newInvokeSpecial(java.lang.Object, java.lang.Object, java.lang.Object, long)'> (0x00000000f5596c48) 
thrown [src/hotspot/share/interpreter/linkResolver.cpp, line 758]
Event: 39.688 Thread 0x00007fa5b00010d0 Exception <a 'java/lang/NoSuchMethodError'{0x00000000f559bb68}: 'java.lang.Object java.lang.invoke.DirectMethodHandle$Holder.invokeSpecial(java.lang.Object, java.lang.Object, java.lang.Object, java.lang.Object, long)'> (0x00000000f559bb68) 
thrown [src/hotspot/share/interpreter/linkResolver.cpp, line 758]
Event: 39.688 Thread 0x00007fa5b00010d0 Exception <a 'java/lang/NoSuchMethodError'{0x00000000f55a0268}: 'java.lang.Object java.lang.invoke.Invokers$Holder.linkToTargetMethod(java.lang.Object, java.lang.Object, long, java.lang.Object)'> (0x00000000f55a0268) 
thrown [src/hotspot/share/interpreter/linkResolver.cpp, line 758]
Event: 40.892 Thread 0x00007fa5b813b5e0 Exception <a 'java/lang/NoSuchMethodError'{0x00000000f5d92bf8}: 'int java.lang.invoke.DirectMethodHandle$Holder.invokeStatic(java.lang.Object, java.lang.Object, java.lang.Object, int)'> (0x00000000f5d92bf8) 
thrown [src/hotspot/share/interpreter/linkResolver.cpp, line 758]
Event: 45.887 Thread 0x00007fa5b813b5e0 Exception <a 'java/lang/NoSuchMethodError'{0x00000000f59341c0}: 'java.lang.Object java.lang.invoke.DirectMethodHandle$Holder.invokeStatic(java.lang.Object, int, java.lang.Object, java.lang.Object, java.lang.Object, java.lang.Object)'> (0x00000000f59341c0) 
thrown [src/hotspot/share/interpreter/linkResolver.cpp, line 758]
Event: 46.200 Thread 0x00007fa5b813b5e0 Exception <a 'java/lang/NoSuchMethodError'{0x00000000f577e1e8}: 'void java.lang.invoke.DirectMethodHandle$Holder.invokeSpecial(java.lang.Object, java.lang.Object, int)'> (0x00000000f577e1e8) 
thrown [src/hotspot/share/interpreter/linkResolver.cpp, line 758]
Event: 49.087 Thread 0x00007fa5b813b5e0 Exception <a 'java/lang/NoSuchMethodError'{0x00000000f56f93d8}: 'int java.lang.invoke.DirectMethodHandle$Holder.invokeSpecialIFC(java.lang.Object, java.lang.Object, java.lang.Object, java.lang.Object)'> (0x00000000f56f93d8) 
thrown [src/hotspot/share/interpreter/linkResolver.cpp, line 758]
Event: 49.794 Thread 0x00007fa5bc488b00 Implicit null exception at 0x00007fa61713d695 to 0x00007fa61713dd7e
Event: 68.487 Thread 0x00007fa5b813eb90 Implicit null exception at 0x00007fa61718f830 to 0x00007fa61718f899
Event: 68.488 Thread 0x00007fa5b813f5b0 Exception <a 'java/lang/ArrayIndexOutOfBoundsException'{0x00000000f857f788}: Index 13655 out of bounds for length 13655> (0x00000000f857f788) 
thrown [src/hotspot/share/interpreter/interpreterRuntime.cpp, line 428]
Event: 92.679 Thread 0x00007fa5b813f5b0 Exception <a 'java/lang/ArrayIndexOutOfBoundsException'{0x00000000f86b9858}: Index 13655 out of bounds for length 13655> (0x00000000f86b9858) 
thrown [src/hotspot/share/interpreter/interpreterRuntime.cpp, line 428]
Event: 92.681 Thread 0x00007fa5b813f5b0 Exception <a 'java/lang/ArrayIndexOutOfBoundsException'{0x00000000f86d8d58}: Index 13655 out of bounds for length 13655> (0x00000000f86d8d58) 
thrown [src/hotspot/share/interpreter/interpreterRuntime.cpp, line 428]
Event: 92.681 Thread 0x00007fa5b813f5b0 Exception <a 'java/lang/ArrayIndexOutOfBoundsException'{0x00000000f86d9120}: Index 13656 out of bounds for length 13655> (0x00000000f86d9120) 
thrown [src/hotspot/share/interpreter/interpreterRuntime.cpp, line 428]
Event: 1962.007 Thread 0x00007fa6280b2210 Exception <a 'java/lang/OutOfMemoryError'{0x00000000e0010450}> (0x00000000e0010450) 
thrown [src/hotspot/share/gc/shared/memAllocator.cpp, line 136]

VM Operations (20 events):
Event: 1949.102 Executing VM operation: ParallelGCFailedAllocation
Event: 1950.228 Executing VM operation: ParallelGCFailedAllocation done
Event: 1950.280 Executing VM operation: ParallelGCFailedAllocation
Event: 1951.411 Executing VM operation: ParallelGCFailedAllocation done
Event: 1951.411 Executing VM operation: ParallelGCFailedAllocation
Event: 1952.611 Executing VM operation: ParallelGCFailedAllocation done
Event: 1952.611 Executing VM operation: ParallelGCFailedAllocation
Event: 1953.800 Executing VM operation: ParallelGCFailedAllocation done
Event: 1953.800 Executing VM operation: ParallelGCFailedAllocation
Event: 1955.009 Executing VM operation: ParallelGCFailedAllocation done
Event: 1955.009 Executing VM operation: ParallelGCFailedAllocation
Event: 1956.204 Executing VM operation: ParallelGCFailedAllocation done
Event: 1956.204 Executing VM operation: ParallelGCFailedAllocation
Event: 1957.327 Executing VM operation: ParallelGCFailedAllocation done
Event: 1957.327 Executing VM operation: ParallelGCFailedAllocation
Event: 1958.502 Executing VM operation: ParallelGCFailedAllocation done
Event: 1958.502 Executing VM operation: ParallelGCFailedAllocation
Event: 1959.607 Executing VM operation: ParallelGCFailedAllocation done
Event: 1959.607 Executing VM operation: ParallelGCFailedAllocation
Event: 1962.007 Executing VM operation: ParallelGCFailedAllocation done

Events (20 events):
Event: 82.490 Thread 0x00007fa6280b4b70 flushing nmethod 0x00007fa6108c7410
Event: 82.490 Thread 0x00007fa6280b4b70 flushing nmethod 0x00007fa6108cb910
Event: 82.490 Thread 0x00007fa6280b4b70 flushing nmethod 0x00007fa6108cbd90
Event: 82.490 Thread 0x00007fa6280b4b70 flushing nmethod 0x00007fa6108f1610
Event: 82.490 Thread 0x00007fa6280b4b70 flushing nmethod 0x00007fa6108f3190
Event: 82.490 Thread 0x00007fa6280b4b70 flushing nmethod 0x00007fa6108f7510
Event: 82.490 Thread 0x00007fa6280b4b70 flushing nmethod 0x00007fa610956190
Event: 82.490 Thread 0x00007fa6280b4b70 flushing nmethod 0x00007fa610958310
Event: 92.684 Thread 0x00007fa5b813f5b0 Thread exited: 0x00007fa5b813f5b0
Event: 94.107 loading class java/util/Spliterators$IntArraySpliterator
Event: 94.107 loading class java/util/Spliterators$IntArraySpliterator done
Event: 94.107 loading class java/util/stream/Nodes$IntSpinedNodeBuilder
Event: 94.108 loading class java/util/stream/SpinedBuffer$OfInt
Event: 94.108 loading class java/util/stream/SpinedBuffer$OfPrimitive
Event: 94.108 loading class java/util/stream/SpinedBuffer$OfPrimitive done
Event: 94.187 loading class java/util/stream/SpinedBuffer$OfInt done
Event: 94.187 loading class java/util/stream/Nodes$IntSpinedNodeBuilder done
Event: 129.508 Thread 0x00007fa5b0007280 Thread exited: 0x00007fa5b0007280
Event: 132.226 Thread 0x00007fa5900623b0 Thread exited: 0x00007fa5900623b0
Event: 132.226 Thread 0x00007fa5a4001210 Thread exited: 0x00007fa5a4001210


Dynamic libraries:
e0000000-f5580000 rw-p 00000000 00:00 0 
f5580000-fd380000 rw-p 00000000 00:00 0 
fd380000-100000000 ---p 00000000 00:00 0 
800000000-800449000 rw-p 00001000 00:13f8 4611686019135357769            /nix/store/gpxl5qgg8kicmcvivwmybwjlpf7wh20l-graalvm17-ce-22.3.0/lib/server/classes.jsa
800449000-800bc8000 r--p 0044a000 00:13f8 4611686019135357769            /nix/store/gpxl5qgg8kicmcvivwmybwjlpf7wh20l-graalvm17-ce-22.3.0/lib/server/classes.jsa
800bc8000-800c00000 ---p 00000000 00:00 0 
800c00000-800c20000 rw-p 00000000 00:00 0 
800c20000-800c40000 rw-p 00000000 00:00 0 
800c40000-800cc0000 rw-p 00000000 00:00 0 
800cc0000-800d00000 rw-p 00000000 00:00 0 
800d00000-800dc0000 rw-p 00000000 00:00 0 
800dc0000-800e00000 rw-p 00000000 00:00 0 
800e00000-800f40000 rw-p 00000000 00:00 0 
800f40000-800fc0000 rw-p 00000000 00:00 0 
800fc0000-801000000 rw-p 00000000 00:00 0 
801000000-8011e0000 rw-p 00000000 00:00 0 
8011e0000-840c00000 ---p 00000000 00:00 0 
56310cf55000-56310cf56000 r-xp 00000000 00:13f8 4611686019099417844      /nix/store/gpxl5qgg8kicmcvivwmybwjlpf7wh20l-graalvm17-ce-22.3.0/bin/.java-wrapped
56310cf57000-56310cf58000 r--p 00001000 00:13f8 4611686019099417844      /nix/store/gpxl5qgg8kicmcvivwmybwjlpf7wh20l-graalvm17-ce-22.3.0/bin/.java-wrapped
56310cf58000-56310cf59000 rw-p 00002000 00:13f8 4611686019099417844      /nix/store/gpxl5qgg8kicmcvivwmybwjlpf7wh20l-graalvm17-ce-22.3.0/bin/.java-wrapped
56310cf59000-56310cf5a000 rw-p 00004000 00:13f8 4611686019099417844      /nix/store/gpxl5qgg8kicmcvivwmybwjlpf7wh20l-graalvm17-ce-22.3.0/bin/.java-wrapped
56310cf5a000-56310cf5b000 rw-p 00005000 00:13f8 4611686019099417844      /nix/store/gpxl5qgg8kicmcvivwmybwjlpf7wh20l-graalvm17-ce-22.3.0/bin/.java-wrapped
56310ed5e000-56310eda6000 rw-p 00000000 00:00 0                          [heap]
7fa56c000000-7fa56c021000 rw-p 00000000 00:00 0 
7fa56c021000-7fa570000000 ---p 00000000 00:00 0 
7fa570000000-7fa570064000 rw-p 00000000 00:00 0 
7fa570064000-7fa574000000 ---p 00000000 00:00 0 
7fa574000000-7fa5740a9000 rw-p 00000000 00:00 0 
7fa5740a9000-7fa578000000 ---p 00000000 00:00 0 
7fa57a4b3000-7fa584000000 r--s 00000000 00:13f8 4611686019135192581      /nix/store/gpxl5qgg8kicmcvivwmybwjlpf7wh20l-graalvm17-ce-22.3.0/lib/modules
7fa584000000-7fa58404b000 rw-p 00000000 00:00 0 
7fa58404b000-7fa588000000 ---p 00000000 00:00 0 
7fa588000000-7fa5881ba000 rw-p 00000000 00:00 0 
7fa5881ba000-7fa58c000000 ---p 00000000 00:00 0 
7fa58c000000-7fa58c082000 rw-p 00000000 00:00 0 
7fa58c082000-7fa590000000 ---p 00000000 00:00 0 
7fa590000000-7fa5900c8000 rw-p 00000000 00:00 0 
7fa5900c8000-7fa594000000 ---p 00000000 00:00 0 
7fa594000000-7fa594021000 rw-p 00000000 00:00 0 
7fa594021000-7fa598000000 ---p 00000000 00:00 0 
7fa598000000-7fa598021000 rw-p 00000000 00:00 0 
7fa598021000-7fa59c000000 ---p 00000000 00:00 0 
7fa59c000000-7fa59c33d000 rw-p 00000000 00:00 0 
7fa59c33d000-7fa5a0000000 ---p 00000000 00:00 0 
7fa5a1400000-7fa5a1800000 rw-p 00000000 00:00 0 
7fa5a1800000-7fa5a1830000 rw-p 00000000 00:00 0 
7fa5a1830000-7fa5a1c00000 ---p 00000000 00:00 0 
7fa5a2000000-7fa5a2180000 rw-p 00000000 00:00 0 
7fa5a2180000-7fa5a2200000 rw-p 00000000 00:00 0 
7fa5a2200000-7fa5a2800000 rw-p 00000000 00:00 0 
7fa5a2800000-7fa5a3000000 rw-p 00000000 00:00 0 
7fa5a3000000-7fa5a3100000 rw-p 00000000 00:00 0 
7fa5a3100000-7fa5a3300000 rw-p 00000000 00:00 0 
7fa5a3300000-7fa5a3500000 rw-p 00000000 00:00 0 
7fa5a3500000-7fa5a3600000 rw-p 00000000 00:00 0 
7fa5a3600000-7fa5a3700000 rw-p 00000000 00:00 0 
7fa5a3700000-7fa5a3800000 rw-p 00000000 00:00 0 
7fa5a3800000-7fa5a3900000 rw-p 00000000 00:00 0 
7fa5a3900000-7fa5a3a00000 rw-p 00000000 00:00 0 
7fa5a3a00000-7fa5a4000000 rw-p 00000000 00:00 0 
7fa5a4000000-7fa5a40f4000 rw-p 00000000 00:00 0 
7fa5a40f4000-7fa5a8000000 ---p 00000000 00:00 0 
7fa5a8000000-7fa5a8081000 rw-p 00000000 00:00 0 
7fa5a8081000-7fa5ac000000 ---p 00000000 00:00 0 
7fa5ac000000-7fa5ac021000 rw-p 00000000 00:00 0 
7fa5ac021000-7fa5b0000000 ---p 00000000 00:00 0 
7fa5b0000000-7fa5b0044000 rw-p 00000000 00:00 0 
7fa5b0044000-7fa5b4000000 ---p 00000000 00:00 0 
7fa5b4000000-7fa5b4021000 rw-p 00000000 00:00 0 
7fa5b4021000-7fa5b8000000 ---p 00000000 00:00 0 
7fa5b8000000-7fa5b81b0000 rw-p 00000000 00:00 0 
7fa5b81b0000-7fa5bc000000 ---p 00000000 00:00 0 
7fa5bc000000-7fa5bc8fb000 rw-p 00000000 00:00 0 
7fa5bc8fb000-7fa5c0000000 ---p 00000000 00:00 0 
7fa5c0000000-7fa5c0025000 rw-p 00000000 00:00 0 
7fa5c0025000-7fa5c4000000 ---p 00000000 00:00 0 
7fa5c4000000-7fa5c4021000 rw-p 00000000 00:00 0 
7fa5c4021000-7fa5c8000000 ---p 00000000 00:00 0 
7fa5c8000000-7fa5c8021000 rw-p 00000000 00:00 0 
7fa5c8021000-7fa5cc000000 ---p 00000000 00:00 0 
7fa5cc000000-7fa5cc021000 rw-p 00000000 00:00 0 
7fa5cc021000-7fa5d0000000 ---p 00000000 00:00 0 
7fa5d0400000-7fa5d0500000 rw-p 00000000 00:00 0 
7fa5d0500000-7fa5d0600000 rw-p 00000000 00:00 0 
7fa5d0600000-7fa5d0900000 rw-p 00000000 00:00 0 
7fa5d0900000-7fa5d0a00000 rw-p 00000000 00:00 0 
7fa5d0a00000-7fa5d0c00000 rw-p 00000000 00:00 0 
7fa5d0c00000-7fa5d0c10000 r-xp 00000000 00:13f5 355                      /home/runner/.cache/jdt-language-server/config/org.eclipse.equinox.launcher/org.eclipse.equinox.launcher.gtk.linux.x86_64_1.2.400.v20211117-0650/eclipse_11600.so
7fa5d0c10000-7fa5d0e0f000 ---p 00010000 00:13f5 355                      /home/runner/.cache/jdt-language-server/config/org.eclipse.equinox.launcher/org.eclipse.equinox.launcher.gtk.linux.x86_64_1.2.400.v20211117-0650/eclipse_11600.so
7fa5d0e0f000-7fa5d0e10000 r--p 0000f000 00:13f5 355                      /home/runner/.cache/jdt-language-server/config/org.eclipse.equinox.launcher/org.eclipse.equinox.launcher.gtk.linux.x86_64_1.2.400.v20211117-0650/eclipse_11600.so
7fa5d0e10000-7fa5d0e11000 rw-p 00010000 00:13f5 355                      /home/runner/.cache/jdt-language-server/config/org.eclipse.equinox.launcher/org.eclipse.equinox.launcher.gtk.linux.x86_64_1.2.400.v20211117-0650/eclipse_11600.so
7fa5d2100000-7fa5d2200000 ---p 00000000 00:00 0 
7fa5d2200000-7fa5d27af000 r--p 01122000 00:13f8 4611686019135190040      /nix/store/gpxl5qgg8kicmcvivwmybwjlpf7wh20l-graalvm17-ce-22.3.0/lib/libjvmcicompiler.so
7fa5d27af000-7fa5d2900000 r--p 00000000 00:00 0 
7fa5d2900000-7fa5d293d000 rw-p 00000000 00:00 0 
7fa5d293d000-7fa5d2e5d000 rw-p 0185f000 00:13f8 4611686019135190040      /nix/store/gpxl5qgg8kicmcvivwmybwjlpf7wh20l-graalvm17-ce-22.3.0/lib/libjvmcicompiler.so
7fa5d2e5d000-7fa5d3244000 r--p 01d7f000 00:13f8 4611686019135190040      /nix/store/gpxl5qgg8kicmcvivwmybwjlpf7wh20l-graalvm17-ce-22.3.0/lib/libjvmcicompiler.so
7fa5d3300000-7fa5d3304000 ---p 00000000 00:00 0 
7fa5d3304000-7fa5d3400000 rw-p 00000000 00:00 0 
7fa5d3500000-7fa5d3504000 ---p 00000000 00:00 0 
7fa5d3504000-7fa5d3600000 rw-p 00000000 00:00 0 
7fa5d3700000-7fa5d3704000 ---p 00000000 00:00 0 
7fa5d3704000-7fa5d3800000 rw-p 00000000 00:00 0 
7fa5d3800000-7fa5d3804000 ---p 00000000 00:00 0 
7fa5d3804000-7fa5d3900000 rw-p 00000000 00:00 0 
7fa5d3900000-7fa5d3904000 ---p 00000000 00:00 0 
7fa5d3904000-7fa5d3a00000 rw-p 00000000 00:00 0 
7fa5d3b00000-7fa5d3b04000 ---p 00000000 00:00 0 
7fa5d3b04000-7fa5d3c00000 rw-p 00000000 00:00 0 
7fa5d3d00000-7fa5d3d04000 ---p 00000000 00:00 0 
7fa5d3d04000-7fa5d3e00000 rw-p 00000000 00:00 0 
7fa5d3f00000-7fa5d3f04000 ---p 00000000 00:00 0 
7fa5d3f04000-7fa5d4000000 rw-p 00000000 00:00 0 
7fa5d4100000-7fa5d4104000 ---p 00000000 00:00 0 
7fa5d4104000-7fa5d4200000 rw-p 00000000 00:00 0 
7fa5d4300000-7fa5d4304000 ---p 00000000 00:00 0 
7fa5d4304000-7fa5d4400000 rw-p 00000000 00:00 0 
7fa5d4500000-7fa5d4504000 ---p 00000000 00:00 0 
7fa5d4504000-7fa5d4600000 rw-p 00000000 00:00 0 
7fa5d4700000-7fa5d4704000 ---p 00000000 00:00 0 
7fa5d4704000-7fa5d4800000 rw-p 00000000 00:00 0 
7fa5d4900000-7fa5d4904000 ---p 00000000 00:00 0 
7fa5d4904000-7fa5d4a00000 rw-p 00000000 00:00 0 
7fa5d5668000-7fa5d5b00000 rw-p 00000000 00:00 0 
7fa5d5c00000-7fa5d7d6a000 r-xp 00000000 00:13f8 4611686019135190040      /nix/store/gpxl5qgg8kicmcvivwmybwjlpf7wh20l-graalvm17-ce-22.3.0/lib/libjvmcicompiler.so
7fa5d7d6a000-7fa5d7f69000 ---p 0216a000 00:13f8 4611686019135190040      /nix/store/gpxl5qgg8kicmcvivwmybwjlpf7wh20l-graalvm17-ce-22.3.0/lib/libjvmcicompiler.so
7fa5d7f69000-7fa5d7f6a000 r--p 02169000 00:13f8 4611686019135190040      /nix/store/gpxl5qgg8kicmcvivwmybwjlpf7wh20l-graalvm17-ce-22.3.0/lib/libjvmcicompiler.so
7fa5d7f6a000-7fa5d7f6c000 rw-p 0216a000 00:13f8 4611686019135190040      /nix/store/gpxl5qgg8kicmcvivwmybwjlpf7wh20l-graalvm17-ce-22.3.0/lib/libjvmcicompiler.so
7fa5d7f6c000-7fa5d7f6d000 rw-p 00000000 00:00 0 
7fa5d7f6d000-7fa5d7f72000 rw-p 023c3000 00:13f8 4611686019135190040      /nix/store/gpxl5qgg8kicmcvivwmybwjlpf7wh20l-graalvm17-ce-22.3.0/lib/libjvmcicompiler.so
7fa5d8000000-7fa5d8021000 rw-p 00000000 00:00 0 
7fa5d8021000-7fa5dc000000 ---p 00000000 00:00 0 
7fa5dc000000-7fa5dc021000 rw-p 00000000 00:00 0 
7fa5dc021000-7fa5e0000000 ---p 00000000 00:00 0 
7fa5e0000000-7fa5e0021000 rw-p 00000000 00:00 0 
7fa5e0021000-7fa5e4000000 ---p 00000000 00:00 0 
7fa5e4000000-7fa5e4021000 rw-p 00000000 00:00 0 
7fa5e4021000-7fa5e8000000 ---p 00000000 00:00 0 
7fa5e8000000-7fa5e80d8000 rw-p 00000000 00:00 0 
7fa5e80d8000-7fa5ec000000 ---p 00000000 00:00 0 
7fa5ec000000-7fa5ecb8e000 rw-p 00000000 00:00 0 
7fa5ecb8e000-7fa5f0000000 ---p 00000000 00:00 0 
7fa5f0000000-7fa5f0021000 rw-p 00000000 00:00 0 
7fa5f0021000-7fa5f4000000 ---p 00000000 00:00 0 
7fa5f4000000-7fa5f4021000 rw-p 00000000 00:00 0 
7fa5f4021000-7fa5f8000000 ---p 00000000 00:00 0 
7fa5f8000000-7fa5f8021000 rw-p 00000000 00:00 0 
7fa5f8021000-7fa5fc000000 ---p 00000000 00:00 0 
7fa5fc000000-7fa5fc021000 rw-p 00000000 00:00 0 
7fa5fc021000-7fa600000000 ---p 00000000 00:00 0 
7fa600000000-7fa600021000 rw-p 00000000 00:00 0 
7fa600021000-7fa604000000 ---p 00000000 00:00 0 
7fa604000000-7fa604021000 rw-p 00000000 00:00 0 
7fa604021000-7fa608000000 ---p 00000000 00:00 0 
7fa608000000-7fa60813a000 rw-p 00000000 00:00 0 
7fa60813a000-7fa60c000000 ---p 00000000 00:00 0 
7fa60c000000-7fa60c004000 ---p 00000000 00:00 0 
7fa60c004000-7fa60c100000 rw-p 00000000 00:00 0 
7fa60c200000-7fa60c204000 ---p 00000000 00:00 0 
7fa60c204000-7fa60c300000 rw-p 00000000 00:00 0 
7fa60c400000-7fa60c404000 ---p 00000000 00:00 0 
7fa60c404000-7fa60c500000 rw-p 00000000 00:00 0 
7fa60c500000-7fa60c504000 ---p 00000000 00:00 0 
7fa60c504000-7fa60c600000 rw-p 00000000 00:00 0 
7fa60c600000-7fa60c604000 ---p 00000000 00:00 0 
7fa60c604000-7fa60c700000 rw-p 00000000 00:00 0 
7fa60c700000-7fa60c704000 ---p 00000000 00:00 0 
7fa60c704000-7fa60c800000 rw-p 00000000 00:00 0 
7fa60c800000-7fa60c804000 ---p 00000000 00:00 0 
7fa60c804000-7fa60c900000 rw-p 00000000 00:00 0 
7fa60c946000-7fa60c94a000 ---p 00000000 00:00 0 
7fa60c94a000-7fa60ca46000 rw-p 00000000 00:00 0 
7fa60ca46000-7fa60ca47000 ---p 00000000 00:00 0 
7fa60ca47000-7fa60cb48000 rw-p 00000000 00:00 0 
7fa60cb48000-7fa60cb4c000 ---p 00000000 00:00 0 
7fa60cb4c000-7fa60cc48000 rw-p 00000000 00:00 0 
7fa60cc48000-7fa60cc4c000 ---p 00000000 00:00 0 
7fa60cc4c000-7fa60cd48000 rw-p 00000000 00:00 0 
7fa60cd48000-7fa60cd4c000 ---p 00000000 00:00 0 
7fa60cd4c000-7fa60ce48000 rw-p 00000000 00:00 0 
7fa60ce48000-7fa60ce4c000 ---p 00000000 00:00 0 
7fa60ce4c000-7fa60d048000 rw-p 00000000 00:00 0 
7fa60d048000-7fa60d04c000 ---p 00000000 00:00 0 
7fa60d04c000-7fa60d248000 rw-p 00000000 00:00 0 
7fa60d248000-7fa60d24c000 ---p 00000000 00:00 0 
7fa60d24c000-7fa60d348000 rw-p 00000000 00:00 0 
7fa60d348000-7fa60d34c000 ---p 00000000 00:00 0 
7fa60d34c000-7fa60d448000 rw-p 00000000 00:00 0 
7fa60d448000-7fa60d44c000 ---p 00000000 00:00 0 
7fa60d44c000-7fa60d548000 rw-p 00000000 00:00 0 
7fa60d548000-7fa60d82e000 r--p 00000000 00:13e8 28444448                 /usr/lib/locale/locale-archive
7fa60d82e000-7fa60d832000 ---p 00000000 00:00 0 
7fa60d832000-7fa60d92e000 rw-p 00000000 00:00 0 
7fa60d92e000-7fa60d932000 ---p 00000000 00:00 0 
7fa60d932000-7fa60da2e000 rw-p 00000000 00:00 0 
7fa60da2e000-7fa60da2f000 ---p 00000000 00:00 0 
7fa60da2f000-7fa60db30000 rw-p 00000000 00:00 0 
7fa60db30000-7fa60dbfe000 r-xp 00000000 00:13f8 4611686019135190036      /nix/store/gpxl5qgg8kicmcvivwmybwjlpf7wh20l-graalvm17-ce-22.3.0/lib/libjsvml.so
7fa60dbfe000-7fa60dbff000 r--p 000cd000 00:13f8 4611686019135190036      /nix/store/gpxl5qgg8kicmcvivwmybwjlpf7wh20l-graalvm17-ce-22.3.0/lib/libjsvml.so
7fa60dbff000-7fa60dc00000 rw-p 000ce000 00:13f8 4611686019135190036      /nix/store/gpxl5qgg8kicmcvivwmybwjlpf7wh20l-graalvm17-ce-22.3.0/lib/libjsvml.so
7fa60dc00000-7fa60e000000 rw-p 00000000 00:00 0 
7fa60e000000-7fa60e300000 rw-p 00000000 00:00 0 
7fa60e300000-7fa60e400000 rw-p 00000000 00:00 0 
7fa60e491000-7fa60e495000 ---p 00000000 00:00 0 
7fa60e495000-7fa60f4b3000 rw-p 00000000 00:00 0 
7fa60f4b3000-7fa60f723000 rwxp 00000000 00:00 0 
7fa60f723000-7fa60fa42000 ---p 00000000 00:00 0 
7fa60fa42000-7fa610992000 rwxp 00000000 00:00 0 
7fa610992000-7fa616f7a000 ---p 00000000 00:00 0 
7fa616f7a000-7fa6171ea000 rwxp 00000000 00:00 0 
7fa6171ea000-7fa61e4b3000 ---p 00000000 00:00 0 
7fa61e4b3000-7fa628000000 r--s 00000000 00:13f8 4611686019135192581      /nix/store/gpxl5qgg8kicmcvivwmybwjlpf7wh20l-graalvm17-ce-22.3.0/lib/modules
7fa628000000-7fa628630000 rw-p 00000000 00:00 0 
7fa628630000-7fa62c000000 ---p 00000000 00:00 0 
7fa62c01c000-7fa62c01e000 r-xp 00000000 00:13f8 4611686019135190017      /nix/store/gpxl5qgg8kicmcvivwmybwjlpf7wh20l-graalvm17-ce-22.3.0/lib/libextnet.so
7fa62c01e000-7fa62c01f000 r--p 00001000 00:13f8 4611686019135190017      /nix/store/gpxl5qgg8kicmcvivwmybwjlpf7wh20l-graalvm17-ce-22.3.0/lib/libextnet.so
7fa62c01f000-7fa62c020000 rw-p 00002000 00:13f8 4611686019135190017      /nix/store/gpxl5qgg8kicmcvivwmybwjlpf7wh20l-graalvm17-ce-22.3.0/lib/libextnet.so
7fa62c020000-7fa62c021000 rw-p 00004000 00:13f8 4611686019135190017      /nix/store/gpxl5qgg8kicmcvivwmybwjlpf7wh20l-graalvm17-ce-22.3.0/lib/libextnet.so
7fa62c021000-7fa62c028000 r-xp 00000000 00:13f8 4611686019135192580      /nix/store/gpxl5qgg8kicmcvivwmybwjlpf7wh20l-graalvm17-ce-22.3.0/lib/libzip.so
7fa62c028000-7fa62c029000 ---p 00007000 00:13f8 4611686019135192580      /nix/store/gpxl5qgg8kicmcvivwmybwjlpf7wh20l-graalvm17-ce-22.3.0/lib/libzip.so
7fa62c029000-7fa62c02a000 r--p 00007000 00:13f8 4611686019135192580      /nix/store/gpxl5qgg8kicmcvivwmybwjlpf7wh20l-graalvm17-ce-22.3.0/lib/libzip.so
7fa62c02a000-7fa62c02b000 rw-p 00008000 00:13f8 4611686019135192580      /nix/store/gpxl5qgg8kicmcvivwmybwjlpf7wh20l-graalvm17-ce-22.3.0/lib/libzip.so
7fa62c02b000-7fa62c02d000 rw-p 0000b000 00:13f8 4611686019135192580      /nix/store/gpxl5qgg8kicmcvivwmybwjlpf7wh20l-graalvm17-ce-22.3.0/lib/libzip.so
7fa62c02d000-7fa62c042000 r-xp 00000000 00:13f8 4611686019135192570      /nix/store/gpxl5qgg8kicmcvivwmybwjlpf7wh20l-graalvm17-ce-22.3.0/lib/libnet.so
7fa62c042000-7fa62c043000 ---p 00015000 00:13f8 4611686019135192570      /nix/store/gpxl5qgg8kicmcvivwmybwjlpf7wh20l-graalvm17-ce-22.3.0/lib/libnet.so
7fa62c043000-7fa62c044000 r--p 00015000 00:13f8 4611686019135192570      /nix/store/gpxl5qgg8kicmcvivwmybwjlpf7wh20l-graalvm17-ce-22.3.0/lib/libnet.so
7fa62c044000-7fa62c045000 rw-p 00016000 00:13f8 4611686019135192570      /nix/store/gpxl5qgg8kicmcvivwmybwjlpf7wh20l-graalvm17-ce-22.3.0/lib/libnet.so
7fa62c045000-7fa62c048000 rw-p 0001b000 00:13f8 4611686019135192570      /nix/store/gpxl5qgg8kicmcvivwmybwjlpf7wh20l-graalvm17-ce-22.3.0/lib/libnet.so
7fa62c048000-7fa62c05b000 r-xp 00000000 00:13f8 4611686019135192571      /nix/store/gpxl5qgg8kicmcvivwmybwjlpf7wh20l-graalvm17-ce-22.3.0/lib/libnio.so
7fa62c05b000-7fa62c05c000 r--p 00012000 00:13f8 4611686019135192571      /nix/store/gpxl5qgg8kicmcvivwmybwjlpf7wh20l-graalvm17-ce-22.3.0/lib/libnio.so
7fa62c05c000-7fa62c05d000 rw-p 00013000 00:13f8 4611686019135192571      /nix/store/gpxl5qgg8kicmcvivwmybwjlpf7wh20l-graalvm17-ce-22.3.0/lib/libnio.so
7fa62c05d000-7fa62c062000 rw-p 00019000 00:13f8 4611686019135192571      /nix/store/gpxl5qgg8kicmcvivwmybwjlpf7wh20l-graalvm17-ce-22.3.0/lib/libnio.so
7fa62c062000-7fa62c93a000 rw-p 00000000 00:00 0 
7fa62c93a000-7fa62c93b000 ---p 00000000 00:00 0 
7fa62c93b000-7fa62cae6000 rw-p 00000000 00:00 0 
7fa62cae6000-7fa62cb26000 rw-p 00000000 00:00 0 
7fa62cb26000-7fa62cb3c000 ---p 00000000 00:00 0 
7fa62cb3c000-7fa62cb42000 rw-p 00000000 00:00 0 
7fa62cb42000-7fa62cc28000 ---p 00000000 00:00 0 
7fa62cc28000-7fa62cc47000 rw-p 00000000 00:00 0 
7fa62cc47000-7fa62cd13000 ---p 00000000 00:00 0 
7fa62cd13000-7fa62cd18000 rw-p 00000000 00:00 0 
7fa62cd18000-7fa62cd1f000 ---p 00000000 00:00 0 
7fa62cd1f000-7fa62cd43000 r-xp 00000000 00:13f8 4611686019135190028      /nix/store/gpxl5qgg8kicmcvivwmybwjlpf7wh20l-graalvm17-ce-22.3.0/lib/libjava.so
7fa62cd43000-7fa62cd44000 ---p 00024000 00:13f8 4611686019135190028      /nix/store/gpxl5qgg8kicmcvivwmybwjlpf7wh20l-graalvm17-ce-22.3.0/lib/libjava.so
7fa62cd44000-7fa62cd45000 r--p 00024000 00:13f8 4611686019135190028      /nix/store/gpxl5qgg8kicmcvivwmybwjlpf7wh20l-graalvm17-ce-22.3.0/lib/libjava.so
7fa62cd45000-7fa62cd46000 rw-p 00025000 00:13f8 4611686019135190028      /nix/store/gpxl5qgg8kicmcvivwmybwjlpf7wh20l-graalvm17-ce-22.3.0/lib/libjava.so
7fa62cd46000-7fa62cd47000 rw-p 00000000 00:00 0 
7fa62cd47000-7fa62cd4e000 rw-p 0002f000 00:13f8 4611686019135190028      /nix/store/gpxl5qgg8kicmcvivwmybwjlpf7wh20l-graalvm17-ce-22.3.0/lib/libjava.so
7fa62cd4e000-7fa62cd56000 rw-s 00000000 00:177 352                       /tmp/hsperfdata_runner/21
7fa62cd56000-7fa62cd57000 ---p 00000000 00:00 0 
7fa62cd57000-7fa62cd58000 r--p 00000000 00:00 0 
7fa62cd58000-7fa62cd59000 rwxp 00000000 00:00 0 
7fa62cd59000-7fa62cd74000 r-xp 00000000 00:13f8 4611686019135190032      /nix/store/gpxl5qgg8kicmcvivwmybwjlpf7wh20l-graalvm17-ce-22.3.0/lib/libjimage.so
7fa62cd74000-7fa62cd75000 ---p 0001b000 00:13f8 4611686019135190032      /nix/store/gpxl5qgg8kicmcvivwmybwjlpf7wh20l-graalvm17-ce-22.3.0/lib/libjimage.so
7fa62cd75000-7fa62cd77000 r--p 0001b000 00:13f8 4611686019135190032      /nix/store/gpxl5qgg8kicmcvivwmybwjlpf7wh20l-graalvm17-ce-22.3.0/lib/libjimage.so
7fa62cd77000-7fa62cd78000 rw-p 0001d000 00:13f8 4611686019135190032      /nix/store/gpxl5qgg8kicmcvivwmybwjlpf7wh20l-graalvm17-ce-22.3.0/lib/libjimage.so
7fa62cd78000-7fa62cd79000 rw-p 00024000 00:13f8 4611686019135190032      /nix/store/gpxl5qgg8kicmcvivwmybwjlpf7wh20l-graalvm17-ce-22.3.0/lib/libjimage.so
7fa62cd79000-7fa62cd7d000 ---p 00000000 00:00 0 
7fa62cd7d000-7fa62ce79000 rw-p 00000000 00:00 0 
7fa62ce79000-7fa62ce87000 r--p 00000000 00:13f8 4611686019027979927      /nix/store/4nlgxhb09sdr51nc9hdm8az5b08vzkgx-glibc-2.35-163/lib/libm.so.6
7fa62ce87000-7fa62cefa000 r-xp 0000e000 00:13f8 4611686019027979927      /nix/store/4nlgxhb09sdr51nc9hdm8az5b08vzkgx-glibc-2.35-163/lib/libm.so.6
7fa62cefa000-7fa62cf57000 r--p 00081000 00:13f8 4611686019027979927      /nix/store/4nlgxhb09sdr51nc9hdm8az5b08vzkgx-glibc-2.35-163/lib/libm.so.6
7fa62cf57000-7fa62cf58000 r--p 000dd000 00:13f8 4611686019027979927      /nix/store/4nlgxhb09sdr51nc9hdm8az5b08vzkgx-glibc-2.35-163/lib/libm.so.6
7fa62cf58000-7fa62cf59000 rw-p 000de000 00:13f8 4611686019027979927      /nix/store/4nlgxhb09sdr51nc9hdm8az5b08vzkgx-glibc-2.35-163/lib/libm.so.6
7fa62cf59000-7fa62cf5a000 r--p 00000000 00:13f8 4611686019027979946      /nix/store/4nlgxhb09sdr51nc9hdm8az5b08vzkgx-glibc-2.35-163/lib/librt.so.1
7fa62cf5a000-7fa62cf5b000 r-xp 00001000 00:13f8 4611686019027979946      /nix/store/4nlgxhb09sdr51nc9hdm8az5b08vzkgx-glibc-2.35-163/lib/librt.so.1
7fa62cf5b000-7fa62cf5c000 r--p 00002000 00:13f8 4611686019027979946      /nix/store/4nlgxhb09sdr51nc9hdm8az5b08vzkgx-glibc-2.35-163/lib/librt.so.1
7fa62cf5c000-7fa62cf5d000 r--p 00002000 00:13f8 4611686019027979946      /nix/store/4nlgxhb09sdr51nc9hdm8az5b08vzkgx-glibc-2.35-163/lib/librt.so.1
7fa62cf5d000-7fa62cf5e000 rw-p 00003000 00:13f8 4611686019027979946      /nix/store/4nlgxhb09sdr51nc9hdm8az5b08vzkgx-glibc-2.35-163/lib/librt.so.1
7fa62cf5e000-7fa62e071000 r-xp 00000000 00:13f8 4611686019135360866      /nix/store/gpxl5qgg8kicmcvivwmybwjlpf7wh20l-graalvm17-ce-22.3.0/lib/server/libjvm.so
7fa62e071000-7fa62e072000 ---p 01113000 00:13f8 4611686019135360866      /nix/store/gpxl5qgg8kicmcvivwmybwjlpf7wh20l-graalvm17-ce-22.3.0/lib/server/libjvm.so
7fa62e072000-7fa62e127000 r--p 01113000 00:13f8 4611686019135360866      /nix/store/gpxl5qgg8kicmcvivwmybwjlpf7wh20l-graalvm17-ce-22.3.0/lib/server/libjvm.so
7fa62e127000-7fa62e15b000 rw-p 011c8000 00:13f8 4611686019135360866      /nix/store/gpxl5qgg8kicmcvivwmybwjlpf7wh20l-graalvm17-ce-22.3.0/lib/server/libjvm.so
7fa62e15b000-7fa62e1b7000 rw-p 00000000 00:00 0 
7fa62e1b7000-7fa62e1df000 r--p 00000000 00:13f8 4611686019027979918      /nix/store/4nlgxhb09sdr51nc9hdm8az5b08vzkgx-glibc-2.35-163/lib/libc.so.6
7fa62e1df000-7fa62e355000 r-xp 00028000 00:13f8 4611686019027979918      /nix/store/4nlgxhb09sdr51nc9hdm8az5b08vzkgx-glibc-2.35-163/lib/libc.so.6
7fa62e355000-7fa62e3ad000 r--p 0019e000 00:13f8 4611686019027979918      /nix/store/4nlgxhb09sdr51nc9hdm8az5b08vzkgx-glibc-2.35-163/lib/libc.so.6
7fa62e3ad000-7fa62e3b1000 r--p 001f6000 00:13f8 4611686019027979918      /nix/store/4nlgxhb09sdr51nc9hdm8az5b08vzkgx-glibc-2.35-163/lib/libc.so.6
7fa62e3b1000-7fa62e3b3000 rw-p 001fa000 00:13f8 4611686019027979918      /nix/store/4nlgxhb09sdr51nc9hdm8az5b08vzkgx-glibc-2.35-163/lib/libc.so.6
7fa62e3b3000-7fa62e3c2000 rw-p 00000000 00:00 0 
7fa62e3c2000-7fa62e3c3000 r--p 00000000 00:13f8 4611686019027979923      /nix/store/4nlgxhb09sdr51nc9hdm8az5b08vzkgx-glibc-2.35-163/lib/libdl.so.2
7fa62e3c3000-7fa62e3c4000 r-xp 00001000 00:13f8 4611686019027979923      /nix/store/4nlgxhb09sdr51nc9hdm8az5b08vzkgx-glibc-2.35-163/lib/libdl.so.2
7fa62e3c4000-7fa62e3c5000 r--p 00002000 00:13f8 4611686019027979923      /nix/store/4nlgxhb09sdr51nc9hdm8az5b08vzkgx-glibc-2.35-163/lib/libdl.so.2
7fa62e3c5000-7fa62e3c6000 r--p 00002000 00:13f8 4611686019027979923      /nix/store/4nlgxhb09sdr51nc9hdm8az5b08vzkgx-glibc-2.35-163/lib/libdl.so.2
7fa62e3c6000-7fa62e3c7000 rw-p 00003000 00:13f8 4611686019027979923      /nix/store/4nlgxhb09sdr51nc9hdm8az5b08vzkgx-glibc-2.35-163/lib/libdl.so.2
7fa62e3c7000-7fa62e3c8000 r--p 00000000 00:13f8 4611686019027979942      /nix/store/4nlgxhb09sdr51nc9hdm8az5b08vzkgx-glibc-2.35-163/lib/libpthread.so.0
7fa62e3c8000-7fa62e3c9000 r-xp 00001000 00:13f8 4611686019027979942      /nix/store/4nlgxhb09sdr51nc9hdm8az5b08vzkgx-glibc-2.35-163/lib/libpthread.so.0
7fa62e3c9000-7fa62e3ca000 r--p 00002000 00:13f8 4611686019027979942      /nix/store/4nlgxhb09sdr51nc9hdm8az5b08vzkgx-glibc-2.35-163/lib/libpthread.so.0
7fa62e3ca000-7fa62e3cb000 r--p 00002000 00:13f8 4611686019027979942      /nix/store/4nlgxhb09sdr51nc9hdm8az5b08vzkgx-glibc-2.35-163/lib/libpthread.so.0
7fa62e3cb000-7fa62e3cc000 rw-p 00003000 00:13f8 4611686019027979942      /nix/store/4nlgxhb09sdr51nc9hdm8az5b08vzkgx-glibc-2.35-163/lib/libpthread.so.0
7fa62e3cc000-7fa62e3da000 r-xp 00000000 00:13f8 4611686019135190033      /nix/store/gpxl5qgg8kicmcvivwmybwjlpf7wh20l-graalvm17-ce-22.3.0/lib/libjli.so
7fa62e3da000-7fa62e3db000 ---p 0000e000 00:13f8 4611686019135190033      /nix/store/gpxl5qgg8kicmcvivwmybwjlpf7wh20l-graalvm17-ce-22.3.0/lib/libjli.so
7fa62e3db000-7fa62e3dc000 r--p 0000e000 00:13f8 4611686019135190033      /nix/store/gpxl5qgg8kicmcvivwmybwjlpf7wh20l-graalvm17-ce-22.3.0/lib/libjli.so
7fa62e3dc000-7fa62e3dd000 rw-p 0000f000 00:13f8 4611686019135190033      /nix/store/gpxl5qgg8kicmcvivwmybwjlpf7wh20l-graalvm17-ce-22.3.0/lib/libjli.so
7fa62e3dd000-7fa62e3de000 rw-p 00012000 00:13f8 4611686019135190033      /nix/store/gpxl5qgg8kicmcvivwmybwjlpf7wh20l-graalvm17-ce-22.3.0/lib/libjli.so
7fa62e3de000-7fa62e3e1000 r--p 00000000 00:13f8 4611686019106210071      /nix/store/026hln0aq1hyshaxsdvhg0kmcm6yf45r-zlib-1.2.13/lib/libz.so.1.2.13
7fa62e3e1000-7fa62e3f3000 r-xp 00003000 00:13f8 4611686019106210071      /nix/store/026hln0aq1hyshaxsdvhg0kmcm6yf45r-zlib-1.2.13/lib/libz.so.1.2.13
7fa62e3f3000-7fa62e3fa000 r--p 00015000 00:13f8 4611686019106210071      /nix/store/026hln0aq1hyshaxsdvhg0kmcm6yf45r-zlib-1.2.13/lib/libz.so.1.2.13
7fa62e3fa000-7fa62e3fb000 r--p 0001b000 00:13f8 4611686019106210071      /nix/store/026hln0aq1hyshaxsdvhg0kmcm6yf45r-zlib-1.2.13/lib/libz.so.1.2.13
7fa62e3fb000-7fa62e3fc000 rw-p 0001c000 00:13f8 4611686019106210071      /nix/store/026hln0aq1hyshaxsdvhg0kmcm6yf45r-zlib-1.2.13/lib/libz.so.1.2.13
7fa62e3fc000-7fa62e3fe000 rw-p 00000000 00:00 0 
7fa62e3fe000-7fa62e400000 r--p 00000000 00:13f8 4611686019027979912      /nix/store/4nlgxhb09sdr51nc9hdm8az5b08vzkgx-glibc-2.35-163/lib/ld-linux-x86-64.so.2
7fa62e400000-7fa62e427000 r-xp 00002000 00:13f8 4611686019027979912      /nix/store/4nlgxhb09sdr51nc9hdm8az5b08vzkgx-glibc-2.35-163/lib/ld-linux-x86-64.so.2
7fa62e427000-7fa62e433000 r--p 00029000 00:13f8 4611686019027979912      /nix/store/4nlgxhb09sdr51nc9hdm8az5b08vzkgx-glibc-2.35-163/lib/ld-linux-x86-64.so.2
7fa62e433000-7fa62e435000 r--p 00034000 00:13f8 4611686019027979912      /nix/store/4nlgxhb09sdr51nc9hdm8az5b08vzkgx-glibc-2.35-163/lib/ld-linux-x86-64.so.2
7fa62e435000-7fa62e437000 rw-p 00036000 00:13f8 4611686019027979912      /nix/store/4nlgxhb09sdr51nc9hdm8az5b08vzkgx-glibc-2.35-163/lib/ld-linux-x86-64.so.2
7ffe0d929000-7ffe0d94d000 rw-p 00000000 00:00 0                          [stack]
7ffe0d99b000-7ffe0d99f000 r--p 00000000 00:00 0                          [vvar]
7ffe0d99f000-7ffe0d9a1000 r-xp 00000000 00:00 0                          [vdso]
ffffffffff600000-ffffffffff601000 --xp 00000000 00:00 0                  [vsyscall]


VM Arguments:
jvm_args: -XX:ThreadPriorityPolicy=1 -XX:+UnlockExperimentalVMOptions -XX:+EnableJVMCIProduct -XX:JVMCIThreadsPerNativeLibraryRuntime=1 -XX:-UnlockExperimentalVMOptions -Declipse.application=org.eclipse.jdt.ls.core.id1 -Dosgi.bundles.defaultStartLevel=4 -Declipse.product=org.eclipse.jdt.ls.core.product -Dlog.level=ALL -Xverify:none -XX:+UseParallelGC -XX:GCTimeRatio=4 -XX:AdaptiveSizePolicyWeight=90 -Dsun.zip.disableMemoryMapping=true -Xmx512m -Xms100m 
java_command: /nix/store/m6gcpi1ii6rghy04cjwjddcavv7i90df-jdt-language-server-1.9.0/share/java/plugins/org.eclipse.equinox.launcher_1.6.400.v20210924-0641.jar --add-modules=ALL-SYSTEM --add-opens java.base/java.util=ALL-UNNAMED --add-opens java.base/java.lang=ALL-UNNAMED -configuration /home/runner/.cache/jdt-language-server/config -data /home/runner/.cache/jdt-language-server/data/home/runner/SophiaFinalProject
java_class_path (initial): /nix/store/m6gcpi1ii6rghy04cjwjddcavv7i90df-jdt-language-server-1.9.0/share/java/plugins/org.eclipse.equinox.launcher_1.6.400.v20210924-0641.jar
Launcher Type: SUN_STANDARD

[Global flags]
    uintx AdaptiveSizePolicyWeight                 = 90                                        {product} {command line}
     intx CICompilerCount                          = 2                                         {product} {ergonomic}
     bool EnableJVMCIProduct                       = true                                {JVMCI product} {jimage}
    uintx GCTimeRatio                              = 4                                         {product} {command line}
   size_t InitialHeapSize                          = 104857600                                 {product} {command line}
     uint JVMCIThreadsPerNativeLibraryRuntime      = 1                                   {JVMCI product} {jimage}
   size_t MaxHeapSize                              = 536870912                                 {product} {command line}
   size_t MaxNewSize                               = 178782208                                 {product} {ergonomic}
   size_t MinHeapDeltaBytes                        = 524288                                    {product} {ergonomic}
   size_t MinHeapSize                              = 104857600                                 {product} {command line}
   size_t NewSize                                  = 34603008                                  {product} {ergonomic}
    uintx NonNMethodCodeHeapSize                   = 5826188                                {pd product} {ergonomic}
    uintx NonProfiledCodeHeapSize                  = 122916026                              {pd product} {ergonomic}
   size_t OldSize                                  = 70254592                                  {product} {ergonomic}
    uintx ProfiledCodeHeapSize                     = 122916026                              {pd product} {ergonomic}
    uintx ReservedCodeCacheSize                    = 251658240                              {pd product} {ergonomic}
     bool SegmentedCodeCache                       = true                                      {product} {ergonomic}
   size_t SoftMaxHeapSize                          = 536870912                              {manageable} {ergonomic}
     intx ThreadPriorityPolicy                     = 1                                         {product} {jimage}
     bool UseCompressedClassPointers               = true                           {product lp64_product} {ergonomic}
     bool UseCompressedOops                        = true                           {product lp64_product} {ergonomic}
     bool UseParallelGC                            = true                                      {product} {command line}

Logging:
Log output configuration:
 #0: stdout all=warning uptime,level,tags
 #1: stderr all=off uptime,level,tags

Environment Variables:
JAVA_HOME=/nix/store/gpxl5qgg8kicmcvivwmybwjlpf7wh20l-graalvm17-ce-22.3.0
PATH=/nix/store/1d6ian3r8kdzspw8hacjhl3xkp40g1lj-binutils-wrapper-2.39/bin:/nix/store/dq0xwmsk1g0i2ayg6pb7y87na2knzylh-gcc-wrapper-11.3.0/bin:/nix/store/bap4d0lpcrhpwmpb8ayjcgkmvfj62lnq-bash-interactive-5.1-p16/bin:/nix/store/pr5n59mb4jzmfx6kanwxly0l07p861fg-patchelf-0.15.0/bin:/nix/store/1gf2flfqnpqbr1b4p4qz2f72y42bs56r-gcc-11.3.0/bin:/nix/store/57xv61c5zi8pphjbcwxxjlgc34p61ic9-glibc-2.35-163-bin/bin:/nix/store/a7gvj343m05j2s32xcnwr35v31ynlypr-coreutils-9.1/bin:/nix/store/039g378vc3pc3dvi9dzdlrd0i4q93qwf-binutils-2.39/bin:/nix/store/gpxl5qgg8kicmcvivwmybwjlpf7wh20l-graalvm17-ce-22.3.0/bin:/nix/store/6z9ag3ihc8mq2hzsw48lhbznvzny65nz-apache-maven-3.8.6/bin:/nix/store/m6gcpi1ii6rghy04cjwjddcavv7i90df-jdt-language-server-1.9.0/bin:/nix/store/84xs5alhs01zrbr4ywm05kxbjbp5590l-java-debug/bin:/nix/store/mydc6f4k2z73xlcz7ilif3v2lcaiqvza-findutils-4.9.0/bin:/nix/store/j9p3g8472iijd50vhdprx0nmk2fqn5gv-diffutils-3.8/bin:/nix/store/89zs7rms6x00xfq4dq6m7mjnhkr8a6r4-gnused-4.8/bin:/nix/store/86bp03jkmsl6f92w0yzg4s59g5mhxwmy-gnugrep-3.7/bin:/nix/store/hwcdqw4jrjnd37wxqgsd47hd0j8bnj09-gawk-5.1.1/bin:/nix/store/cfbhw8r8ags41vwqaz47r583d0p4h4a1-gnutar-1.34/bin:/nix/store/p3m1ndl1lapwrlh698bnb5lvvxh67378-gzip-1.12/bin:/nix/store/a8mhcagrsly7c7mpjrpsnaahk4aax056-bzip2-1.0.8-bin/bin:/nix/store/mblgz65m3zv9x548a3d5m96fj2pbwr09-gnumake-4.3/bin:/nix/store/dsd5gz46hdbdk2rfdimqddhq6m8m8fqs-bash-5.1-p16/bin:/nix/store/v7ljksji50mg3w61dykaa3n3y79n6nil-patch-2.7.6/bin:/nix/store/zlcnmqq14jz5x9439jf937mvayyl63da-xz-5.2.7-bin/bin:/nix/store/y6aj732zm9m87c82fpvf103a1xb22blp-file-5.43/bin:/nix/store/sgqd0ajghcv2axfl1lad0b1alyavp0dc-prybar-elisp-0.0.0-67f7a00/bin:/nix/store/p3hsvljpgs68jqwar41lc0jqhjj734lf-prybar-lua-0.0.0-67f7a00/bin:/nix/store/qzxs2gybds3s9kb1vkaflpgm2nwr85fh-prybar-python3-0.0.0-67f7a00/bin:/nix/store/km94z9mxp8w4m8gxxp5mbfpdf3nkfvd8-prybar-sqlite-0.0.0-67f7a00/bin:/nix/store/2pnc7b76asw0z59c4l6h6qy8arwqrii1-prybar-tcl-0.0.0-67f7a00/bin:/nix/store/hpbvrlwd5viqmvcaisb3x0118i913a9n-st
LD_LIBRARY_PATH=/nix/store/a4pff549sk2idnkpzk5nsfps3mdkdnvm-cups-2.4.2-lib/lib:/nix/store/72mqxxhh3cy5yifh92wh2yb8cl2hikyy-cairo-1.16.0/lib:/nix/store/2k366jrbsra97gjfxwvrhvixjfxdach5-glib-2.74.1/lib:/nix/store/2j2znigd8ak37rlwh9khz0ry3clqlw1l-gtk+3-3.24.34/lib:/nix/store/hisqvx32cd57apbpcsnkpx6k3549wql1-libglvnd-1.4.0/lib:/nix/store/p36pgcv991mq5srvg765b78yqpxvk3qs-mesa-21.3.3-drivers/lib:/nix/store/mav4251if1ahjq5vkpwycyyvnmy459c4-pulseaudio-14.2/lib
DISPLAY=:0
LANG=en_US.UTF-8

Signal Handlers:
   SIGSEGV: crash_handler in libjvm.so, mask=11100100010111111101111111111110, flags=SA_RESTART|SA_SIGINFO
    SIGBUS: crash_handler in libjvm.so, mask=11100100010111111101111111111110, flags=SA_RESTART|SA_SIGINFO
    SIGFPE: crash_handler in libjvm.so, mask=11100100010111111101111111111110, flags=SA_RESTART|SA_SIGINFO
   SIGPIPE: IsolateEnterStub_IgnoreSIGPIPEStartupHook_noopSignalHandler_8f19bff2f35b5f630d83b364d6b2339320d4ec70_216e8361c6bc87a8f89f58cc10d3b2fd4415bf87 in libjvmcicompiler.so, mask=00000000000000000000000000000000, flags=SA_RESTART
  *** Handler was modified!
  *** Expected: javaSignalHandler in libjvm.so, mask=11100100110111111111111111111110, flags=SA_RESTART|SA_SIGINFO
   SIGXFSZ: javaSignalHandler in libjvm.so, mask=11100100010111111101111111111110, flags=SA_RESTART|SA_SIGINFO
    SIGILL: crash_handler in libjvm.so, mask=11100100010111111101111111111110, flags=SA_RESTART|SA_SIGINFO
   SIGUSR2: SR_handler in libjvm.so, mask=00000000000000000000000000000000, flags=SA_RESTART|SA_SIGINFO
    SIGHUP: UserHandler in libjvm.so, mask=11100100010111111101111111111110, flags=SA_RESTART|SA_SIGINFO
    SIGINT: UserHandler in libjvm.so, mask=11100100010111111101111111111110, flags=SA_RESTART|SA_SIGINFO
   SIGTERM: UserHandler in libjvm.so, mask=11100100010111111101111111111110, flags=SA_RESTART|SA_SIGINFO
   SIGQUIT: UserHandler in libjvm.so, mask=11100100010111111101111111111110, flags=SA_RESTART|SA_SIGINFO
  *** Handler was modified!
  *** Expected: javaSignalHandler in libjvm.so, mask=11100100110111111111111111111110, flags=SA_RESTART|SA_SIGINFO
   SIGTRAP: crash_handler in libjvm.so, mask=11100100010111111101111111111110, flags=SA_RESTART|SA_SIGINFO


---------------  S Y S T E M  ---------------

OS:
DISTRIB_ID=Ubuntu
DISTRIB_RELEASE=20.04
DISTRIB_CODENAME=focal
DISTRIB_DESCRIPTION="Ubuntu 20.04.2 LTS"
uname: Linux 5.15.0-1029-gcp #36~20.04.1-Ubuntu SMP Tue Jan 24 16:54:15 UTC 2023 x86_64
OS uptime: 0 days 0:44 hours
libc: glibc 2.35 NPTL 2.35 
rlimit (soft/hard): STACK 8192k/infinity , CORE infinity/infinity , NPROC infinity/infinity , NOFILE 5242/5242 , AS infinity/infinity , CPU infinity/infinity , DATA infinity/infinity , FSIZE infinity/infinity , MEMLOCK 64k/64k
load average: 13.52 11.69 10.47

/proc/meminfo:
MemTotal:       65852728 kB
MemFree:        39430400 kB
MemAvailable:   54681608 kB
Buffers:          673320 kB
Cached:         14233192 kB
SwapCached:            0 kB
Active:          3399340 kB
Inactive:       20499820 kB
Active(anon):      12896 kB
Inactive(anon):  8736884 kB
Active(file):    3386444 kB
Inactive(file): 11762936 kB
Unevictable:       44828 kB
Mlocked:           44828 kB
SwapTotal:             0 kB
SwapFree:              0 kB
Dirty:              1060 kB
Writeback:             0 kB
AnonPages:       8730300 kB
Mapped:          1180592 kB
Shmem:             38872 kB
KReclaimable:     828432 kB
Slab:            1696844 kB
SReclaimable:     828432 kB
SUnreclaim:       868412 kB
KernelStack:      373632 kB
PageTables:       106204 kB
NFS_Unstable:          0 kB
Bounce:                0 kB
WritebackTmp:          0 kB
CommitLimit:    32926364 kB
Committed_AS:   44882148 kB
VmallocTotal:   34359738367 kB
VmallocUsed:      401316 kB
VmallocChunk:          0 kB
Percpu:            37632 kB
HardwareCorrupted:     0 kB
AnonHugePages:    217088 kB
ShmemHugePages:        0 kB
ShmemPmdMapped:        0 kB
FileHugePages:         0 kB
FilePmdMapped:         0 kB
HugePages_Total:       0
HugePages_Free:        0
HugePages_Rsvd:        0
HugePages_Surp:        0
Hugepagesize:       2048 kB
Hugetlb:               0 kB
DirectMap4k:     1354560 kB
DirectMap2M:    30099456 kB
DirectMap1G:    37748736 kB

/sys/kernel/mm/transparent_hugepage/enabled: always [madvise] never
/sys/kernel/mm/transparent_hugepage/defrag (defrag/compaction efforts parameter): always defer defer+madvise [madvise] never

Process Memory:
Virtual Size: 4656216K (peak: 4719420K)
Resident Set Size: 610248K (peak: 847516K) (anon: 583528K, file: 26720K, shmem: 0K)
Swapped out: 0K
C-Heap outstanding allocations: 41393K, retained: 15430K
glibc malloc tunables: (default)

/proc/sys/kernel/threads-max (system-wide limit on the number of threads): 514406
/proc/sys/vm/max_map_count (maximum number of memory map areas a process may have): 65530
/proc/sys/kernel/pid_max (system-wide limit on number of process identifiers): 4194304

container (cgroup) information:
container_type: cgroupv1
cpu_cpuset_cpus: 2-7
cpu_memory_nodes: 0
active_processor_count: 1
cpu_quota: 50000
cpu_period: 100000
cpu_shares: 512
memory_limit_in_bytes: 1048576 k
memory_and_swap_limit_in_bytes: 1048576 k
memory_soft_limit_in_bytes: 524288 k
memory_usage_in_bytes: 656704 k
memory_max_usage_in_bytes: 800772 k
maximum number of tasks: 1000
current number of tasks: 48

KVM virtualization detected
Steal ticks since vm start: 0
Steal ticks percentage since vm start:  0.000

CPU: total 8 (initial active 1) (8 cores per cpu, 2 threads per core) family 23 model 49 stepping 0 microcode 0xffffffff, cx8, cmov, fxsr, ht, mmx, 3dnowpref, sse, sse2, sse3, ssse3, sse4a, sse4.1, sse4.2, popcnt, lzcnt, tsc, tscinvbit, avx, avx2, aes, clmul, bmi1, bmi2, adx, sha, fma, vzeroupper, clflush, clflushopt, hv
CPU Model and flags from /proc/cpuinfo:
model name	: AMD EPYC 7B12
flags		: fpu vme de pse tsc msr pae mce cx8 apic sep mtrr pge mca cmov pat pse36 clflush mmx fxsr sse sse2 ht syscall nx mmxext fxsr_opt pdpe1gb rdtscp lm constant_tsc rep_good nopl nonstop_tsc cpuid extd_apicid tsc_known_freq pni pclmulqdq ssse3 fma cx16 sse4_1 sse4_2 movbe popcnt aes xsave avx f16c rdrand hypervisor lahf_lm cmp_legacy cr8_legacy abm sse4a misalignsse 3dnowprefetch osvw topoext ssbd ibrs ibpb stibp vmmcall fsgsbase tsc_adjust bmi1 avx2 smep bmi2 rdseed adx smap clflushopt clwb sha_ni xsaveopt xsavec xgetbv1 clzero xsaveerptr arat npt nrip_save umip rdpid

Online cpus: 0-7
Offline cpus: 
BIOS frequency limitation: <Not Available>
Frequency switch latency (ns): <Not Available>
Available cpu frequencies: <Not Available>
Current governor: <Not Available>
Core performance/turbo boost: <Not Available>

Memory: 4k page, physical 1048576k(391864k free), swap 0k(0k free)
Page Sizes: 4k

vm_info: OpenJDK 64-Bit Server VM (17.0.5+8-jvmci-22.3-b08) for linux-amd64 JRE (17.0.5+8-jvmci-22.3-b08), built on Oct 19 2022 09:01:27 by "buildslave" with gcc 10.3.0

END.
